

<!DOCTYPE html>
<html>
<head>
<meta charset="UTF-8">
<meta name="viewport" content="width=device-width, initial-scale=1, shrink-to-fit=no">
<title>Retail IB Automation Report</title>
<link rel="apple-touch-icon" href="https://cdn.jsdelivr.net/gh/extent-framework/extent-github-cdn@b00a2d0486596e73dd7326beacf352c639623a0e/commons/img/logo.png">
<link rel="shortcut icon" href="https://cdn.jsdelivr.net/gh/extent-framework/extent-github-cdn@b00a2d0486596e73dd7326beacf352c639623a0e/commons/img/logo.png">
<link href="https://cdn.jsdelivr.net/gh/extent-framework/extent-github-cdn@ce8b10435bcbae260c334c0d0c6b61d2c19b6168/spark/css/spark-style.css" rel="stylesheet" />
<link href="https://stackpath.bootstrapcdn.com/font-awesome/4.7.0/css/font-awesome.min.css" rel="stylesheet">
<script src="https://cdn.jsdelivr.net/gh/extent-framework/extent-github-cdn@7cc78ce/spark/js/jsontree.js"></script>
<style type="text/css"></style></head><body class="spa -report dark">
  <div class="app">
    <div class="layout">
<div class="header navbar">
<div class="vheader">
<div class="nav-logo">
<a href="#">
<div class="logo" style="background-image: url('https://cdn.jsdelivr.net/gh/extent-framework/extent-github-cdn@b00a2d0486596e73dd7326beacf352c639623a0e/commons/img/logo.png')"></div>
</a>
</div>
<ul class="nav-left">
<li class="search-box">
<a class="search-toggle" href="#">
<i class="search-icon fa fa-search"></i>
<i class="search-icon-close fa fa-close"></i>
</a>
</li>
<li class="search-input"><input id="search-tests" class="form-control" type="text" placeholder="Search..."></li>
</ul>
<ul class="nav-right">
<li class="m-r-10">
<a href="#"><span class="badge badge-primary">Retail Internet Banking Test Suite</span></a>
</li>
<li class="m-r-10">
<a href="#"><span class="badge badge-primary">19-08-2025 14:50:20</span></a>
</li>
</ul>
</div>
</div><div class="side-nav">
<div class="side-nav-inner">
<ul class="side-nav-menu">
<li class="nav-item dropdown" onclick="toggleView('test-view')">
<a id="nav-test" class="dropdown-toggle" href="#">
<span class="ico"><i class="fa fa-list"></i></span>
</a>
</li>
<li class="nav-item dropdown" onclick="toggleView('exception-view')">
<a id="nav-exception" class="dropdown-toggle" href="#">
<span class="ico"><i class="fa fa-bug"></i></span>
</a>
</li>
<li class="nav-item dropdown" onclick="toggleView('category-view')">
<a id="nav-category" class="dropdown-toggle" href="#">
<span class="ico"><i class="fa fa-tag"></i></span>
</a>
</li>
<li class="nav-item dropdown" onclick="toggleView('dashboard-view')">
<a id="nav-dashboard" class="dropdown-toggle" href="#">
<span class="ico"><i class="fa fa-bar-chart"></i></span>
</a>
</li>
</ul>
</div>
</div>      <div class="vcontainer">
        <div class="main-content">
<div class="test-wrapper row view test-view">
  <div class="test-list">
    <div class="test-list-tools">
<ul class="tools pull-left">
<li><a href="#"><span class="font-size-14">Tests</span></a></li>
</ul>
<ul class="tools text-right">
<li class="dropdown">
<a href="#" class="dropdown-toggle" data-toggle="dropdown"><i class="fa fa-exclamation-circle"></i></a>
<ul id="status-toggle" class="dropdown-menu dropdown-md p-v-0">
<a class="dropdown-item" status="pass" href="#"><span>Pass</span><span class="status success"></span></a>
<a class="dropdown-item" status="fail" href="#"><span>Fail</span><span class="status danger"></span></a>
<div class="dropdown-divider"></div>
<a status="clear" class="dropdown-item" href="#"><span>Clear</span><span class="pull-right"><i class="fa fa-close"></i></span></a>
</ul>
</li>
<li class="dropdown">
<a href="#" class="dropdown-toggle" data-toggle="dropdown"><i class="fa fa-tag"></i></a>
<ul id="tag-toggle" class="dropdown-menu dropdown-md p-v-0">
<a class="dropdown-item" href="#">RetailBanking</a>
</ul>
</li>
</ul>
</div>    <div class="test-list-wrapper scrollable">
      <ul class="test-list-item">
        <li class="test-item"  status="pass" test-id="2"
          author=""
          tag="RetailBanking"
          device="">
          <div class="test-detail">
            <p class="name">verifyAccountStatementDownload</p>
            <p class="text-sm">
              <span>2:50:24â€¯pm</span> / <span>00:00:49:828</span>
              <span class="badge pass-bg log float-right">Pass</span>
            </p>
          </div>
          <div class="test-contents d-none">
<div class="detail-head">
<div class="p-v-10">
<div class="info">
<h5 class="test-status text-pass">verifyAccountStatementDownload</h5>
<span class='badge badge-success'>08.19.2025 2:50:24â€¯pm</span>
<span class='badge badge-danger'>08.19.2025 2:51:13â€¯pm</span>
<span class='badge badge-default'>00:00:49:828</span>
&middot; <span class='uri-anchor badge badge-default'>#test-id=2</span>
<span title='Skip to the next failed step' class='badge badge-danger pointer float-right ne ml-1'><i class="fa fa-fast-forward"></i></span>
<span title='Collapse all nodes' class='badge badge-default pointer float-right ct ml-1'><i class="fa fa-compress"></i></span>
<span title='Expand all nodes' class='badge badge-default pointer float-right et'><i class="fa fa-expand"></i></span>
</div>
<div class="m-t-15"><span class="badge badge-pill badge-default">RetailBanking</span></div>
</div>
</div><div class="detail-body mt-4">
<table class="table table-sm">
  <thead><tr><th class="status-col">Status</th><th class="timestamp-col">Timestamp</th><th class="details-col">Details</th></tr></thead>
  <tbody>
      <tr class="event-row">
        <td><span class="badge log info-bg">Info</span></td>
        <td>2:50:24â€¯pm</td>
        <td>
          ğŸ“Œ Test Started: verifyAccountStatementDownload
        </td>
      </tr>
      <tr class="event-row">
        <td><span class="badge log pass-bg">Pass</span></td>
        <td>2:51:13â€¯pm</td>
        <td>
          <span class='badge white-text green'>Test PASSED âœ…</span>
        </td>
      </tr>
      <tr class="event-row">
        <td><span class="badge log info-bg">Info</span></td>
        <td>2:51:13â€¯pm</td>
        <td>
          ğŸ“ Screenshot folder not found: C:\Users\saurav.kumar\eclipse-workspace\CapBankQA/Screenshots/Request_TC
        </td>
      </tr>
  </tbody>
</table>
</div>
          </div>
        </li>
        <li class="test-item"  status="fail" test-id="4"
          author=""
          tag="RetailBanking"
          device="">
          <div class="test-detail">
            <p class="name">verifyChequeBookRequest</p>
            <p class="text-sm">
              <span>2:51:14â€¯pm</span> / <span>00:00:46:966</span>
              <span class="badge fail-bg log float-right">Fail</span>
            </p>
          </div>
          <div class="test-contents d-none">
<div class="detail-head">
<div class="p-v-10">
<div class="info">
<h5 class="test-status text-fail">verifyChequeBookRequest</h5>
<span class='badge badge-success'>08.19.2025 2:51:14â€¯pm</span>
<span class='badge badge-danger'>08.19.2025 2:52:01â€¯pm</span>
<span class='badge badge-default'>00:00:46:966</span>
&middot; <span class='uri-anchor badge badge-default'>#test-id=4</span>
<span title='Skip to the next failed step' class='badge badge-danger pointer float-right ne ml-1'><i class="fa fa-fast-forward"></i></span>
<span title='Collapse all nodes' class='badge badge-default pointer float-right ct ml-1'><i class="fa fa-compress"></i></span>
<span title='Expand all nodes' class='badge badge-default pointer float-right et'><i class="fa fa-expand"></i></span>
</div>
<div class="m-t-15"><span class="badge badge-pill badge-default">RetailBanking</span></div>
</div>
</div><div class="detail-body mt-4">
<table class="table table-sm">
  <thead><tr><th class="status-col">Status</th><th class="timestamp-col">Timestamp</th><th class="details-col">Details</th></tr></thead>
  <tbody>
      <tr class="event-row">
        <td><span class="badge log info-bg">Info</span></td>
        <td>2:51:14â€¯pm</td>
        <td>
          ğŸ“Œ Test Started: verifyChequeBookRequest
        </td>
      </tr>
      <tr class="event-row">
        <td><span class="badge log fail-bg">Fail</span></td>
        <td>2:52:01â€¯pm</td>
        <td>
          <span class='badge white-text red'>Test FAILED âŒ</span>
        </td>
      </tr>
      <tr class="event-row">
        <td><span class="badge log fail-bg">Fail</span></td>
        <td>2:52:01â€¯pm</td>
        <td>
          <textarea readonly class="code-block">java.lang.AssertionError: Cheque book request was not successful expected [true] but found [false]
	at org.testng.Assert.fail(Assert.java:111)
	at org.testng.Assert.failNotEquals(Assert.java:1578)
	at org.testng.Assert.assertTrue(Assert.java:57)
	at com.retail_ib.testcase.Request_TC.verifyChequeBookRequest(Request_TC.java:103)
	at java.base/jdk.internal.reflect.DirectMethodHandleAccessor.invoke(DirectMethodHandleAccessor.java:103)
	at java.base/java.lang.reflect.Method.invoke(Method.java:580)
	at org.testng.internal.invokers.MethodInvocationHelper.invokeMethod(MethodInvocationHelper.java:141)
	at org.testng.internal.invokers.TestInvoker.invokeMethod(TestInvoker.java:686)
	at org.testng.internal.invokers.TestInvoker.invokeTestMethod(TestInvoker.java:230)
	at org.testng.internal.invokers.MethodRunner.runInSequence(MethodRunner.java:63)
	at org.testng.internal.invokers.TestInvoker$MethodInvocationAgent.invoke(TestInvoker.java:992)
	at org.testng.internal.invokers.TestInvoker.invokeTestMethods(TestInvoker.java:203)
	at org.testng.internal.invokers.TestMethodWorker.invokeTestMethods(TestMethodWorker.java:154)
	at org.testng.internal.invokers.TestMethodWorker.run(TestMethodWorker.java:134)
	at java.base/java.util.ArrayList.forEach(ArrayList.java:1596)
	at org.testng.TestRunner.privateRun(TestRunner.java:739)
	at org.testng.TestRunner.run(TestRunner.java:614)
	at org.testng.SuiteRunner.runTest(SuiteRunner.java:421)
	at org.testng.SuiteRunner.runSequentially(SuiteRunner.java:413)
	at org.testng.SuiteRunner.privateRun(SuiteRunner.java:373)
	at org.testng.SuiteRunner.run(SuiteRunner.java:312)
	at org.testng.SuiteRunnerWorker.runSuite(SuiteRunnerWorker.java:52)
	at org.testng.SuiteRunnerWorker.run(SuiteRunnerWorker.java:95)
	at org.testng.TestNG.runSuitesSequentially(TestNG.java:1274)
	at org.testng.TestNG.runSuitesLocally(TestNG.java:1208)
	at org.testng.TestNG.runSuites(TestNG.java:1112)
	at org.testng.TestNG.run(TestNG.java:1079)
	at org.testng.remote.AbstractRemoteTestNG.run(AbstractRemoteTestNG.java:115)
	at org.testng.remote.RemoteTestNG.initAndRun(RemoteTestNG.java:293)
	at org.testng.remote.RemoteTestNG.main(RemoteTestNG.java:91)
</textarea>
          
        </td>
      </tr>
      <tr class="event-row">
        <td><span class="badge log info-bg">Info</span></td>
        <td>2:52:01â€¯pm</td>
        <td>
          ğŸ“ Screenshot folder not found: C:\Users\saurav.kumar\eclipse-workspace\CapBankQA/Screenshots/Request_TC
        </td>
      </tr>
  </tbody>
</table>
</div>
          </div>
        </li>
        <li class="test-item"  status="pass" test-id="6"
          author=""
          tag="RetailBanking"
          device="">
          <div class="test-detail">
            <p class="name">verifyChequeStatusRequest</p>
            <p class="text-sm">
              <span>2:52:01â€¯pm</span> / <span>00:00:07:783</span>
              <span class="badge pass-bg log float-right">Pass</span>
            </p>
          </div>
          <div class="test-contents d-none">
<div class="detail-head">
<div class="p-v-10">
<div class="info">
<h5 class="test-status text-pass">verifyChequeStatusRequest</h5>
<span class='badge badge-success'>08.19.2025 2:52:01â€¯pm</span>
<span class='badge badge-danger'>08.19.2025 2:52:09â€¯pm</span>
<span class='badge badge-default'>00:00:07:783</span>
&middot; <span class='uri-anchor badge badge-default'>#test-id=6</span>
<span title='Skip to the next failed step' class='badge badge-danger pointer float-right ne ml-1'><i class="fa fa-fast-forward"></i></span>
<span title='Collapse all nodes' class='badge badge-default pointer float-right ct ml-1'><i class="fa fa-compress"></i></span>
<span title='Expand all nodes' class='badge badge-default pointer float-right et'><i class="fa fa-expand"></i></span>
</div>
<div class="m-t-15"><span class="badge badge-pill badge-default">RetailBanking</span></div>
</div>
</div><div class="detail-body mt-4">
<table class="table table-sm">
  <thead><tr><th class="status-col">Status</th><th class="timestamp-col">Timestamp</th><th class="details-col">Details</th></tr></thead>
  <tbody>
      <tr class="event-row">
        <td><span class="badge log info-bg">Info</span></td>
        <td>2:52:01â€¯pm</td>
        <td>
          ğŸ“Œ Test Started: verifyChequeStatusRequest
        </td>
      </tr>
      <tr class="event-row">
        <td><span class="badge log pass-bg">Pass</span></td>
        <td>2:52:09â€¯pm</td>
        <td>
          <span class='badge white-text green'>Test PASSED âœ…</span>
        </td>
      </tr>
      <tr class="event-row">
        <td><span class="badge log info-bg">Info</span></td>
        <td>2:52:09â€¯pm</td>
        <td>
          ğŸ“· <b>Screenshot:</b> <a href='Screenshots/Request_TC/verifyChequeBookRequest_20250819_145201.png' target='_blank'><img src='Screenshots/Request_TC/verifyChequeBookRequest_20250819_145201.png' width='300' height='200'/></a>
        </td>
      </tr>
  </tbody>
</table>
</div>
          </div>
        </li>
        <li class="test-item"  status="fail" test-id="8"
          author=""
          tag="RetailBanking"
          device="">
          <div class="test-detail">
            <p class="name">verifyStopChequeRequest</p>
            <p class="text-sm">
              <span>2:52:09â€¯pm</span> / <span>00:00:02:047</span>
              <span class="badge fail-bg log float-right">Fail</span>
            </p>
          </div>
          <div class="test-contents d-none">
<div class="detail-head">
<div class="p-v-10">
<div class="info">
<h5 class="test-status text-fail">verifyStopChequeRequest</h5>
<span class='badge badge-success'>08.19.2025 2:52:09â€¯pm</span>
<span class='badge badge-danger'>08.19.2025 2:52:11â€¯pm</span>
<span class='badge badge-default'>00:00:02:047</span>
&middot; <span class='uri-anchor badge badge-default'>#test-id=8</span>
<span title='Skip to the next failed step' class='badge badge-danger pointer float-right ne ml-1'><i class="fa fa-fast-forward"></i></span>
<span title='Collapse all nodes' class='badge badge-default pointer float-right ct ml-1'><i class="fa fa-compress"></i></span>
<span title='Expand all nodes' class='badge badge-default pointer float-right et'><i class="fa fa-expand"></i></span>
</div>
<div class="m-t-15"><span class="badge badge-pill badge-default">RetailBanking</span></div>
</div>
</div><div class="detail-body mt-4">
<table class="table table-sm">
  <thead><tr><th class="status-col">Status</th><th class="timestamp-col">Timestamp</th><th class="details-col">Details</th></tr></thead>
  <tbody>
      <tr class="event-row">
        <td><span class="badge log info-bg">Info</span></td>
        <td>2:52:09â€¯pm</td>
        <td>
          ğŸ“Œ Test Started: verifyStopChequeRequest
        </td>
      </tr>
      <tr class="event-row">
        <td><span class="badge log fail-bg">Fail</span></td>
        <td>2:52:11â€¯pm</td>
        <td>
          <span class='badge white-text red'>Test FAILED âŒ</span>
        </td>
      </tr>
      <tr class="event-row">
        <td><span class="badge log fail-bg">Fail</span></td>
        <td>2:52:11â€¯pm</td>
        <td>
          <textarea readonly class="code-block">java.lang.AssertionError: Test Case Failed due to exception: Failed processing row 1
	at org.testng.Assert.fail(Assert.java:111)
	at com.retail_ib.testcase.Request_TC.handleTestError(Request_TC.java:661)
	at com.retail_ib.testcase.Request_TC.verifyStopChequeRequest(Request_TC.java:223)
	at java.base/jdk.internal.reflect.DirectMethodHandleAccessor.invoke(DirectMethodHandleAccessor.java:103)
	at java.base/java.lang.reflect.Method.invoke(Method.java:580)
	at org.testng.internal.invokers.MethodInvocationHelper.invokeMethod(MethodInvocationHelper.java:141)
	at org.testng.internal.invokers.TestInvoker.invokeMethod(TestInvoker.java:686)
	at org.testng.internal.invokers.TestInvoker.invokeTestMethod(TestInvoker.java:230)
	at org.testng.internal.invokers.MethodRunner.runInSequence(MethodRunner.java:63)
	at org.testng.internal.invokers.TestInvoker$MethodInvocationAgent.invoke(TestInvoker.java:992)
	at org.testng.internal.invokers.TestInvoker.invokeTestMethods(TestInvoker.java:203)
	at org.testng.internal.invokers.TestMethodWorker.invokeTestMethods(TestMethodWorker.java:154)
	at org.testng.internal.invokers.TestMethodWorker.run(TestMethodWorker.java:134)
	at java.base/java.util.ArrayList.forEach(ArrayList.java:1596)
	at org.testng.TestRunner.privateRun(TestRunner.java:739)
	at org.testng.TestRunner.run(TestRunner.java:614)
	at org.testng.SuiteRunner.runTest(SuiteRunner.java:421)
	at org.testng.SuiteRunner.runSequentially(SuiteRunner.java:413)
	at org.testng.SuiteRunner.privateRun(SuiteRunner.java:373)
	at org.testng.SuiteRunner.run(SuiteRunner.java:312)
	at org.testng.SuiteRunnerWorker.runSuite(SuiteRunnerWorker.java:52)
	at org.testng.SuiteRunnerWorker.run(SuiteRunnerWorker.java:95)
	at org.testng.TestNG.runSuitesSequentially(TestNG.java:1274)
	at org.testng.TestNG.runSuitesLocally(TestNG.java:1208)
	at org.testng.TestNG.runSuites(TestNG.java:1112)
	at org.testng.TestNG.run(TestNG.java:1079)
	at org.testng.remote.AbstractRemoteTestNG.run(AbstractRemoteTestNG.java:115)
	at org.testng.remote.RemoteTestNG.initAndRun(RemoteTestNG.java:293)
	at org.testng.remote.RemoteTestNG.main(RemoteTestNG.java:91)
</textarea>
          
        </td>
      </tr>
      <tr class="event-row">
        <td><span class="badge log info-bg">Info</span></td>
        <td>2:52:11â€¯pm</td>
        <td>
          ğŸ“· <b>Screenshot:</b> <a href='Screenshots/Request_TC/verifyChequeBookRequest_20250819_145201.png' target='_blank'><img src='Screenshots/Request_TC/verifyChequeBookRequest_20250819_145201.png' width='300' height='200'/></a>
        </td>
      </tr>
  </tbody>
</table>
</div>
          </div>
        </li>
        <li class="test-item"  status="fail" test-id="10"
          author=""
          tag="RetailBanking"
          device="">
          <div class="test-detail">
            <p class="name">verifyRevokeStopChequeRequest</p>
            <p class="text-sm">
              <span>2:52:12â€¯pm</span> / <span>00:00:08:305</span>
              <span class="badge fail-bg log float-right">Fail</span>
            </p>
          </div>
          <div class="test-contents d-none">
<div class="detail-head">
<div class="p-v-10">
<div class="info">
<h5 class="test-status text-fail">verifyRevokeStopChequeRequest</h5>
<span class='badge badge-success'>08.19.2025 2:52:12â€¯pm</span>
<span class='badge badge-danger'>08.19.2025 2:52:20â€¯pm</span>
<span class='badge badge-default'>00:00:08:305</span>
&middot; <span class='uri-anchor badge badge-default'>#test-id=10</span>
<span title='Skip to the next failed step' class='badge badge-danger pointer float-right ne ml-1'><i class="fa fa-fast-forward"></i></span>
<span title='Collapse all nodes' class='badge badge-default pointer float-right ct ml-1'><i class="fa fa-compress"></i></span>
<span title='Expand all nodes' class='badge badge-default pointer float-right et'><i class="fa fa-expand"></i></span>
</div>
<div class="m-t-15"><span class="badge badge-pill badge-default">RetailBanking</span></div>
</div>
</div><div class="detail-body mt-4">
<table class="table table-sm">
  <thead><tr><th class="status-col">Status</th><th class="timestamp-col">Timestamp</th><th class="details-col">Details</th></tr></thead>
  <tbody>
      <tr class="event-row">
        <td><span class="badge log info-bg">Info</span></td>
        <td>2:52:12â€¯pm</td>
        <td>
          ğŸ“Œ Test Started: verifyRevokeStopChequeRequest
        </td>
      </tr>
      <tr class="event-row">
        <td><span class="badge log fail-bg">Fail</span></td>
        <td>2:52:20â€¯pm</td>
        <td>
          <span class='badge white-text red'>Test FAILED âŒ</span>
        </td>
      </tr>
      <tr class="event-row">
        <td><span class="badge log fail-bg">Fail</span></td>
        <td>2:52:20â€¯pm</td>
        <td>
          <textarea readonly class="code-block">java.lang.AssertionError: Test Case Failed due to exception: element click intercepted: Element <span class="menu-title">...</span> is not clickable at point (124, 381). Other element would receive the click: <div _ngcontent-c5="" class="overlay ng-star-inserted" style="background-color: rgba(51, 51, 51, 0.8); position: fixed;">...</div>
  (Session info: chrome=139.0.7258.128)
Build info: version: '4.27.0', revision: 'd6e718d134'
System info: os.name: 'Windows 11', os.arch: 'amd64', os.version: '10.0', java.version: '21.0.6'
Driver info: org.openqa.selenium.chrome.ChromeDriver
Command: [54c769ae46996b14a19ea6e554621174, clickElement {id=f.347B1B2F0C8E6E6B2A16B0DFED1794F8.d.5E28081EA965396BA9E449B568B21CE9.e.311}]
Capabilities {acceptInsecureCerts: false, browserName: chrome, browserVersion: 139.0.7258.128, chrome: {chromedriverVersion: 139.0.7258.66 (a62d32994769..., userDataDir: C:\Users\SAURAV~1.KUM\AppDa...}, fedcm:accounts: true, goog:chromeOptions: {debuggerAddress: localhost:56264}, networkConnectionEnabled: false, pageLoadStrategy: normal, platformName: windows, proxy: Proxy(), se:cdp: ws://localhost:56264/devtoo..., se:cdpVersion: 139.0.7258.128, setWindowRect: true, strictFileInteractability: false, timeouts: {implicit: 0, pageLoad: 300000, script: 30000}, unhandledPromptBehavior: dismiss and notify, webauthn:extension:credBlob: true, webauthn:extension:largeBlob: true, webauthn:extension:minPinLength: true, webauthn:extension:prf: true, webauthn:virtualAuthenticators: true}
Element: [[ChromeDriver: chrome on windows (54c769ae46996b14a19ea6e554621174)] -> xpath: (//span[contains(text(),'Revoke Stop Cheque')])[1]]
Session ID: 54c769ae46996b14a19ea6e554621174
	at org.testng.Assert.fail(Assert.java:111)
	at com.retail_ib.testcase.Request_TC.handleTestError(Request_TC.java:661)
	at com.retail_ib.testcase.Request_TC.verifyRevokeStopChequeRequest(Request_TC.java:278)
	at java.base/jdk.internal.reflect.DirectMethodHandleAccessor.invoke(DirectMethodHandleAccessor.java:103)
	at java.base/java.lang.reflect.Method.invoke(Method.java:580)
	at org.testng.internal.invokers.MethodInvocationHelper.invokeMethod(MethodInvocationHelper.java:141)
	at org.testng.internal.invokers.TestInvoker.invokeMethod(TestInvoker.java:686)
	at org.testng.internal.invokers.TestInvoker.invokeTestMethod(TestInvoker.java:230)
	at org.testng.internal.invokers.MethodRunner.runInSequence(MethodRunner.java:63)
	at org.testng.internal.invokers.TestInvoker$MethodInvocationAgent.invoke(TestInvoker.java:992)
	at org.testng.internal.invokers.TestInvoker.invokeTestMethods(TestInvoker.java:203)
	at org.testng.internal.invokers.TestMethodWorker.invokeTestMethods(TestMethodWorker.java:154)
	at org.testng.internal.invokers.TestMethodWorker.run(TestMethodWorker.java:134)
	at java.base/java.util.ArrayList.forEach(ArrayList.java:1596)
	at org.testng.TestRunner.privateRun(TestRunner.java:739)
	at org.testng.TestRunner.run(TestRunner.java:614)
	at org.testng.SuiteRunner.runTest(SuiteRunner.java:421)
	at org.testng.SuiteRunner.runSequentially(SuiteRunner.java:413)
	at org.testng.SuiteRunner.privateRun(SuiteRunner.java:373)
	at org.testng.SuiteRunner.run(SuiteRunner.java:312)
	at org.testng.SuiteRunnerWorker.runSuite(SuiteRunnerWorker.java:52)
	at org.testng.SuiteRunnerWorker.run(SuiteRunnerWorker.java:95)
	at org.testng.TestNG.runSuitesSequentially(TestNG.java:1274)
	at org.testng.TestNG.runSuitesLocally(TestNG.java:1208)
	at org.testng.TestNG.runSuites(TestNG.java:1112)
	at org.testng.TestNG.run(TestNG.java:1079)
	at org.testng.remote.AbstractRemoteTestNG.run(AbstractRemoteTestNG.java:115)
	at org.testng.remote.RemoteTestNG.initAndRun(RemoteTestNG.java:293)
	at org.testng.remote.RemoteTestNG.main(RemoteTestNG.java:91)
</textarea>
          
        </td>
      </tr>
      <tr class="event-row">
        <td><span class="badge log info-bg">Info</span></td>
        <td>2:52:20â€¯pm</td>
        <td>
          ğŸ“· <b>Screenshot:</b> <a href='Screenshots/Request_TC/verifyChequeBookRequest_20250819_145201.png' target='_blank'><img src='Screenshots/Request_TC/verifyChequeBookRequest_20250819_145201.png' width='300' height='200'/></a>
        </td>
      </tr>
      <tr class="event-row">
        <td><span class="badge log info-bg">Info</span></td>
        <td>2:52:20â€¯pm</td>
        <td>
          ğŸ“· <b>Screenshot:</b> <a href='Screenshots/Request_TC/verifyStopChequeRequest_20250819_145212.png' target='_blank'><img src='Screenshots/Request_TC/verifyStopChequeRequest_20250819_145212.png' width='300' height='200'/></a>
        </td>
      </tr>
  </tbody>
</table>
</div>
          </div>
        </li>
        <li class="test-item"  status="fail" test-id="12"
          author=""
          tag="RetailBanking"
          device="">
          <div class="test-detail">
            <p class="name">verifyTransactionHistory</p>
            <p class="text-sm">
              <span>2:52:21â€¯pm</span> / <span>00:00:01:472</span>
              <span class="badge fail-bg log float-right">Fail</span>
            </p>
          </div>
          <div class="test-contents d-none">
<div class="detail-head">
<div class="p-v-10">
<div class="info">
<h5 class="test-status text-fail">verifyTransactionHistory</h5>
<span class='badge badge-success'>08.19.2025 2:52:21â€¯pm</span>
<span class='badge badge-danger'>08.19.2025 2:52:22â€¯pm</span>
<span class='badge badge-default'>00:00:01:472</span>
&middot; <span class='uri-anchor badge badge-default'>#test-id=12</span>
<span title='Skip to the next failed step' class='badge badge-danger pointer float-right ne ml-1'><i class="fa fa-fast-forward"></i></span>
<span title='Collapse all nodes' class='badge badge-default pointer float-right ct ml-1'><i class="fa fa-compress"></i></span>
<span title='Expand all nodes' class='badge badge-default pointer float-right et'><i class="fa fa-expand"></i></span>
</div>
<div class="m-t-15"><span class="badge badge-pill badge-default">RetailBanking</span></div>
</div>
</div><div class="detail-body mt-4">
<table class="table table-sm">
  <thead><tr><th class="status-col">Status</th><th class="timestamp-col">Timestamp</th><th class="details-col">Details</th></tr></thead>
  <tbody>
      <tr class="event-row">
        <td><span class="badge log info-bg">Info</span></td>
        <td>2:52:21â€¯pm</td>
        <td>
          ğŸ“Œ Test Started: verifyTransactionHistory
        </td>
      </tr>
      <tr class="event-row">
        <td><span class="badge log fail-bg">Fail</span></td>
        <td>2:52:22â€¯pm</td>
        <td>
          <span class='badge white-text red'>Test FAILED âŒ</span>
        </td>
      </tr>
      <tr class="event-row">
        <td><span class="badge log fail-bg">Fail</span></td>
        <td>2:52:22â€¯pm</td>
        <td>
          <textarea readonly class="code-block">java.lang.AssertionError: Test Case Failed due to exception: element click intercepted: Element <span class="menu-title">...</span> is not clickable at point (143, 426). Other element would receive the click: <div _ngcontent-c5="" class="overlay ng-star-inserted" style="background-color: rgba(51, 51, 51, 0.8); position: fixed;">...</div>
  (Session info: chrome=139.0.7258.128)
Build info: version: '4.27.0', revision: 'd6e718d134'
System info: os.name: 'Windows 11', os.arch: 'amd64', os.version: '10.0', java.version: '21.0.6'
Driver info: org.openqa.selenium.chrome.ChromeDriver
Command: [54c769ae46996b14a19ea6e554621174, clickElement {id=f.347B1B2F0C8E6E6B2A16B0DFED1794F8.d.5E28081EA965396BA9E449B568B21CE9.e.312}]
Capabilities {acceptInsecureCerts: false, browserName: chrome, browserVersion: 139.0.7258.128, chrome: {chromedriverVersion: 139.0.7258.66 (a62d32994769..., userDataDir: C:\Users\SAURAV~1.KUM\AppDa...}, fedcm:accounts: true, goog:chromeOptions: {debuggerAddress: localhost:56264}, networkConnectionEnabled: false, pageLoadStrategy: normal, platformName: windows, proxy: Proxy(), se:cdp: ws://localhost:56264/devtoo..., se:cdpVersion: 139.0.7258.128, setWindowRect: true, strictFileInteractability: false, timeouts: {implicit: 0, pageLoad: 300000, script: 30000}, unhandledPromptBehavior: dismiss and notify, webauthn:extension:credBlob: true, webauthn:extension:largeBlob: true, webauthn:extension:minPinLength: true, webauthn:extension:prf: true, webauthn:virtualAuthenticators: true}
Element: [[ChromeDriver: chrome on windows (54c769ae46996b14a19ea6e554621174)] -> xpath: (//span[normalize-space()='Schedule Transaction List'])[1]]
Session ID: 54c769ae46996b14a19ea6e554621174
	at org.testng.Assert.fail(Assert.java:111)
	at com.retail_ib.testcase.Request_TC.handleTestError(Request_TC.java:661)
	at com.retail_ib.testcase.Request_TC.verifyTransactionHistory(Request_TC.java:302)
	at java.base/jdk.internal.reflect.DirectMethodHandleAccessor.invoke(DirectMethodHandleAccessor.java:103)
	at java.base/java.lang.reflect.Method.invoke(Method.java:580)
	at org.testng.internal.invokers.MethodInvocationHelper.invokeMethod(MethodInvocationHelper.java:141)
	at org.testng.internal.invokers.TestInvoker.invokeMethod(TestInvoker.java:686)
	at org.testng.internal.invokers.TestInvoker.invokeTestMethod(TestInvoker.java:230)
	at org.testng.internal.invokers.MethodRunner.runInSequence(MethodRunner.java:63)
	at org.testng.internal.invokers.TestInvoker$MethodInvocationAgent.invoke(TestInvoker.java:992)
	at org.testng.internal.invokers.TestInvoker.invokeTestMethods(TestInvoker.java:203)
	at org.testng.internal.invokers.TestMethodWorker.invokeTestMethods(TestMethodWorker.java:154)
	at org.testng.internal.invokers.TestMethodWorker.run(TestMethodWorker.java:134)
	at java.base/java.util.ArrayList.forEach(ArrayList.java:1596)
	at org.testng.TestRunner.privateRun(TestRunner.java:739)
	at org.testng.TestRunner.run(TestRunner.java:614)
	at org.testng.SuiteRunner.runTest(SuiteRunner.java:421)
	at org.testng.SuiteRunner.runSequentially(SuiteRunner.java:413)
	at org.testng.SuiteRunner.privateRun(SuiteRunner.java:373)
	at org.testng.SuiteRunner.run(SuiteRunner.java:312)
	at org.testng.SuiteRunnerWorker.runSuite(SuiteRunnerWorker.java:52)
	at org.testng.SuiteRunnerWorker.run(SuiteRunnerWorker.java:95)
	at org.testng.TestNG.runSuitesSequentially(TestNG.java:1274)
	at org.testng.TestNG.runSuitesLocally(TestNG.java:1208)
	at org.testng.TestNG.runSuites(TestNG.java:1112)
	at org.testng.TestNG.run(TestNG.java:1079)
	at org.testng.remote.AbstractRemoteTestNG.run(AbstractRemoteTestNG.java:115)
	at org.testng.remote.RemoteTestNG.initAndRun(RemoteTestNG.java:293)
	at org.testng.remote.RemoteTestNG.main(RemoteTestNG.java:91)
</textarea>
          
        </td>
      </tr>
      <tr class="event-row">
        <td><span class="badge log info-bg">Info</span></td>
        <td>2:52:22â€¯pm</td>
        <td>
          ğŸ“· <b>Screenshot:</b> <a href='Screenshots/Request_TC/verifyChequeBookRequest_20250819_145201.png' target='_blank'><img src='Screenshots/Request_TC/verifyChequeBookRequest_20250819_145201.png' width='300' height='200'/></a>
        </td>
      </tr>
      <tr class="event-row">
        <td><span class="badge log info-bg">Info</span></td>
        <td>2:52:22â€¯pm</td>
        <td>
          ğŸ“· <b>Screenshot:</b> <a href='Screenshots/Request_TC/verifyRevokeStopChequeRequest_20250819_145221.png' target='_blank'><img src='Screenshots/Request_TC/verifyRevokeStopChequeRequest_20250819_145221.png' width='300' height='200'/></a>
        </td>
      </tr>
      <tr class="event-row">
        <td><span class="badge log info-bg">Info</span></td>
        <td>2:52:22â€¯pm</td>
        <td>
          ğŸ“· <b>Screenshot:</b> <a href='Screenshots/Request_TC/verifyStopChequeRequest_20250819_145212.png' target='_blank'><img src='Screenshots/Request_TC/verifyStopChequeRequest_20250819_145212.png' width='300' height='200'/></a>
        </td>
      </tr>
  </tbody>
</table>
</div>
          </div>
        </li>
        <li class="test-item"  status="fail" test-id="14"
          author=""
          tag="RetailBanking"
          device="">
          <div class="test-detail">
            <p class="name">verifyApplyNowRequest</p>
            <p class="text-sm">
              <span>2:52:23â€¯pm</span> / <span>00:00:01:945</span>
              <span class="badge fail-bg log float-right">Fail</span>
            </p>
          </div>
          <div class="test-contents d-none">
<div class="detail-head">
<div class="p-v-10">
<div class="info">
<h5 class="test-status text-fail">verifyApplyNowRequest</h5>
<span class='badge badge-success'>08.19.2025 2:52:23â€¯pm</span>
<span class='badge badge-danger'>08.19.2025 2:52:25â€¯pm</span>
<span class='badge badge-default'>00:00:01:945</span>
&middot; <span class='uri-anchor badge badge-default'>#test-id=14</span>
<span title='Skip to the next failed step' class='badge badge-danger pointer float-right ne ml-1'><i class="fa fa-fast-forward"></i></span>
<span title='Collapse all nodes' class='badge badge-default pointer float-right ct ml-1'><i class="fa fa-compress"></i></span>
<span title='Expand all nodes' class='badge badge-default pointer float-right et'><i class="fa fa-expand"></i></span>
</div>
<div class="m-t-15"><span class="badge badge-pill badge-default">RetailBanking</span></div>
</div>
</div><div class="detail-body mt-4">
<table class="table table-sm">
  <thead><tr><th class="status-col">Status</th><th class="timestamp-col">Timestamp</th><th class="details-col">Details</th></tr></thead>
  <tbody>
      <tr class="event-row">
        <td><span class="badge log info-bg">Info</span></td>
        <td>2:52:23â€¯pm</td>
        <td>
          ğŸ“Œ Test Started: verifyApplyNowRequest
        </td>
      </tr>
      <tr class="event-row">
        <td><span class="badge log fail-bg">Fail</span></td>
        <td>2:52:25â€¯pm</td>
        <td>
          <span class='badge white-text red'>Test FAILED âŒ</span>
        </td>
      </tr>
      <tr class="event-row">
        <td><span class="badge log fail-bg">Fail</span></td>
        <td>2:52:25â€¯pm</td>
        <td>
          <textarea readonly class="code-block">java.lang.AssertionError: Test Case Failed due to exception: Failed processing Apply Now row 1
	at org.testng.Assert.fail(Assert.java:111)
	at com.retail_ib.testcase.Request_TC.handleTestError(Request_TC.java:661)
	at com.retail_ib.testcase.Request_TC.verifyApplyNowRequest(Request_TC.java:362)
	at java.base/jdk.internal.reflect.DirectMethodHandleAccessor.invoke(DirectMethodHandleAccessor.java:103)
	at java.base/java.lang.reflect.Method.invoke(Method.java:580)
	at org.testng.internal.invokers.MethodInvocationHelper.invokeMethod(MethodInvocationHelper.java:141)
	at org.testng.internal.invokers.TestInvoker.invokeMethod(TestInvoker.java:686)
	at org.testng.internal.invokers.TestInvoker.invokeTestMethod(TestInvoker.java:230)
	at org.testng.internal.invokers.MethodRunner.runInSequence(MethodRunner.java:63)
	at org.testng.internal.invokers.TestInvoker$MethodInvocationAgent.invoke(TestInvoker.java:992)
	at org.testng.internal.invokers.TestInvoker.invokeTestMethods(TestInvoker.java:203)
	at org.testng.internal.invokers.TestMethodWorker.invokeTestMethods(TestMethodWorker.java:154)
	at org.testng.internal.invokers.TestMethodWorker.run(TestMethodWorker.java:134)
	at java.base/java.util.ArrayList.forEach(ArrayList.java:1596)
	at org.testng.TestRunner.privateRun(TestRunner.java:739)
	at org.testng.TestRunner.run(TestRunner.java:614)
	at org.testng.SuiteRunner.runTest(SuiteRunner.java:421)
	at org.testng.SuiteRunner.runSequentially(SuiteRunner.java:413)
	at org.testng.SuiteRunner.privateRun(SuiteRunner.java:373)
	at org.testng.SuiteRunner.run(SuiteRunner.java:312)
	at org.testng.SuiteRunnerWorker.runSuite(SuiteRunnerWorker.java:52)
	at org.testng.SuiteRunnerWorker.run(SuiteRunnerWorker.java:95)
	at org.testng.TestNG.runSuitesSequentially(TestNG.java:1274)
	at org.testng.TestNG.runSuitesLocally(TestNG.java:1208)
	at org.testng.TestNG.runSuites(TestNG.java:1112)
	at org.testng.TestNG.run(TestNG.java:1079)
	at org.testng.remote.AbstractRemoteTestNG.run(AbstractRemoteTestNG.java:115)
	at org.testng.remote.RemoteTestNG.initAndRun(RemoteTestNG.java:293)
	at org.testng.remote.RemoteTestNG.main(RemoteTestNG.java:91)
</textarea>
          
        </td>
      </tr>
      <tr class="event-row">
        <td><span class="badge log info-bg">Info</span></td>
        <td>2:52:25â€¯pm</td>
        <td>
          ğŸ“· <b>Screenshot:</b> <a href='Screenshots/Request_TC/verifyChequeBookRequest_20250819_145201.png' target='_blank'><img src='Screenshots/Request_TC/verifyChequeBookRequest_20250819_145201.png' width='300' height='200'/></a>
        </td>
      </tr>
      <tr class="event-row">
        <td><span class="badge log info-bg">Info</span></td>
        <td>2:52:25â€¯pm</td>
        <td>
          ğŸ“· <b>Screenshot:</b> <a href='Screenshots/Request_TC/verifyRevokeStopChequeRequest_20250819_145221.png' target='_blank'><img src='Screenshots/Request_TC/verifyRevokeStopChequeRequest_20250819_145221.png' width='300' height='200'/></a>
        </td>
      </tr>
      <tr class="event-row">
        <td><span class="badge log info-bg">Info</span></td>
        <td>2:52:25â€¯pm</td>
        <td>
          ğŸ“· <b>Screenshot:</b> <a href='Screenshots/Request_TC/verifyStopChequeRequest_20250819_145212.png' target='_blank'><img src='Screenshots/Request_TC/verifyStopChequeRequest_20250819_145212.png' width='300' height='200'/></a>
        </td>
      </tr>
      <tr class="event-row">
        <td><span class="badge log info-bg">Info</span></td>
        <td>2:52:25â€¯pm</td>
        <td>
          ğŸ“· <b>Screenshot:</b> <a href='Screenshots/Request_TC/verifyTransactionHistory_20250819_145223.png' target='_blank'><img src='Screenshots/Request_TC/verifyTransactionHistory_20250819_145223.png' width='300' height='200'/></a>
        </td>
      </tr>
  </tbody>
</table>
</div>
          </div>
        </li>
        <li class="test-item"  status="fail" test-id="16"
          author=""
          tag="RetailBanking"
          device="">
          <div class="test-detail">
            <p class="name">verifyPositivePayRequest</p>
            <p class="text-sm">
              <span>2:52:26â€¯pm</span> / <span>00:00:09:051</span>
              <span class="badge fail-bg log float-right">Fail</span>
            </p>
          </div>
          <div class="test-contents d-none">
<div class="detail-head">
<div class="p-v-10">
<div class="info">
<h5 class="test-status text-fail">verifyPositivePayRequest</h5>
<span class='badge badge-success'>08.19.2025 2:52:26â€¯pm</span>
<span class='badge badge-danger'>08.19.2025 2:52:35â€¯pm</span>
<span class='badge badge-default'>00:00:09:051</span>
&middot; <span class='uri-anchor badge badge-default'>#test-id=16</span>
<span title='Skip to the next failed step' class='badge badge-danger pointer float-right ne ml-1'><i class="fa fa-fast-forward"></i></span>
<span title='Collapse all nodes' class='badge badge-default pointer float-right ct ml-1'><i class="fa fa-compress"></i></span>
<span title='Expand all nodes' class='badge badge-default pointer float-right et'><i class="fa fa-expand"></i></span>
</div>
<div class="m-t-15"><span class="badge badge-pill badge-default">RetailBanking</span></div>
</div>
</div><div class="detail-body mt-4">
<table class="table table-sm">
  <thead><tr><th class="status-col">Status</th><th class="timestamp-col">Timestamp</th><th class="details-col">Details</th></tr></thead>
  <tbody>
      <tr class="event-row">
        <td><span class="badge log info-bg">Info</span></td>
        <td>2:52:26â€¯pm</td>
        <td>
          ğŸ“Œ Test Started: verifyPositivePayRequest
        </td>
      </tr>
      <tr class="event-row">
        <td><span class="badge log fail-bg">Fail</span></td>
        <td>2:52:35â€¯pm</td>
        <td>
          <span class='badge white-text red'>Test FAILED âŒ</span>
        </td>
      </tr>
      <tr class="event-row">
        <td><span class="badge log fail-bg">Fail</span></td>
        <td>2:52:35â€¯pm</td>
        <td>
          <textarea readonly class="code-block">java.lang.AssertionError: Test Case Failed due to exception: element click intercepted: Element <span class="menu-title">...</span> is not clickable at point (97, 605). Other element would receive the click: <div _ngcontent-c5="" class="overlay ng-star-inserted" style="background-color: rgba(51, 51, 51, 0.8); position: fixed;">...</div>
  (Session info: chrome=139.0.7258.128)
Build info: version: '4.27.0', revision: 'd6e718d134'
System info: os.name: 'Windows 11', os.arch: 'amd64', os.version: '10.0', java.version: '21.0.6'
Driver info: org.openqa.selenium.chrome.ChromeDriver
Command: [54c769ae46996b14a19ea6e554621174, clickElement {id=f.347B1B2F0C8E6E6B2A16B0DFED1794F8.d.5E28081EA965396BA9E449B568B21CE9.e.314}]
Capabilities {acceptInsecureCerts: false, browserName: chrome, browserVersion: 139.0.7258.128, chrome: {chromedriverVersion: 139.0.7258.66 (a62d32994769..., userDataDir: C:\Users\SAURAV~1.KUM\AppDa...}, fedcm:accounts: true, goog:chromeOptions: {debuggerAddress: localhost:56264}, networkConnectionEnabled: false, pageLoadStrategy: normal, platformName: windows, proxy: Proxy(), se:cdp: ws://localhost:56264/devtoo..., se:cdpVersion: 139.0.7258.128, setWindowRect: true, strictFileInteractability: false, timeouts: {implicit: 0, pageLoad: 300000, script: 30000}, unhandledPromptBehavior: dismiss and notify, webauthn:extension:credBlob: true, webauthn:extension:largeBlob: true, webauthn:extension:minPinLength: true, webauthn:extension:prf: true, webauthn:virtualAuthenticators: true}
Element: [[ChromeDriver: chrome on windows (54c769ae46996b14a19ea6e554621174)] -> xpath: (//span[@class='menu-title'][normalize-space()='Positive Pay'])[1]]
Session ID: 54c769ae46996b14a19ea6e554621174
	at org.testng.Assert.fail(Assert.java:111)
	at com.retail_ib.testcase.Request_TC.handleTestError(Request_TC.java:661)
	at com.retail_ib.testcase.Request_TC.verifyPositivePayRequest(Request_TC.java:428)
	at java.base/jdk.internal.reflect.DirectMethodHandleAccessor.invoke(DirectMethodHandleAccessor.java:103)
	at java.base/java.lang.reflect.Method.invoke(Method.java:580)
	at org.testng.internal.invokers.MethodInvocationHelper.invokeMethod(MethodInvocationHelper.java:141)
	at org.testng.internal.invokers.TestInvoker.invokeMethod(TestInvoker.java:686)
	at org.testng.internal.invokers.TestInvoker.invokeTestMethod(TestInvoker.java:230)
	at org.testng.internal.invokers.MethodRunner.runInSequence(MethodRunner.java:63)
	at org.testng.internal.invokers.TestInvoker$MethodInvocationAgent.invoke(TestInvoker.java:992)
	at org.testng.internal.invokers.TestInvoker.invokeTestMethods(TestInvoker.java:203)
	at org.testng.internal.invokers.TestMethodWorker.invokeTestMethods(TestMethodWorker.java:154)
	at org.testng.internal.invokers.TestMethodWorker.run(TestMethodWorker.java:134)
	at java.base/java.util.ArrayList.forEach(ArrayList.java:1596)
	at org.testng.TestRunner.privateRun(TestRunner.java:739)
	at org.testng.TestRunner.run(TestRunner.java:614)
	at org.testng.SuiteRunner.runTest(SuiteRunner.java:421)
	at org.testng.SuiteRunner.runSequentially(SuiteRunner.java:413)
	at org.testng.SuiteRunner.privateRun(SuiteRunner.java:373)
	at org.testng.SuiteRunner.run(SuiteRunner.java:312)
	at org.testng.SuiteRunnerWorker.runSuite(SuiteRunnerWorker.java:52)
	at org.testng.SuiteRunnerWorker.run(SuiteRunnerWorker.java:95)
	at org.testng.TestNG.runSuitesSequentially(TestNG.java:1274)
	at org.testng.TestNG.runSuitesLocally(TestNG.java:1208)
	at org.testng.TestNG.runSuites(TestNG.java:1112)
	at org.testng.TestNG.run(TestNG.java:1079)
	at org.testng.remote.AbstractRemoteTestNG.run(AbstractRemoteTestNG.java:115)
	at org.testng.remote.RemoteTestNG.initAndRun(RemoteTestNG.java:293)
	at org.testng.remote.RemoteTestNG.main(RemoteTestNG.java:91)
</textarea>
          
        </td>
      </tr>
      <tr class="event-row">
        <td><span class="badge log info-bg">Info</span></td>
        <td>2:52:35â€¯pm</td>
        <td>
          ğŸ“· <b>Screenshot:</b> <a href='Screenshots/Request_TC/verifyApplyNowRequest_20250819_145226.png' target='_blank'><img src='Screenshots/Request_TC/verifyApplyNowRequest_20250819_145226.png' width='300' height='200'/></a>
        </td>
      </tr>
      <tr class="event-row">
        <td><span class="badge log info-bg">Info</span></td>
        <td>2:52:35â€¯pm</td>
        <td>
          ğŸ“· <b>Screenshot:</b> <a href='Screenshots/Request_TC/verifyChequeBookRequest_20250819_145201.png' target='_blank'><img src='Screenshots/Request_TC/verifyChequeBookRequest_20250819_145201.png' width='300' height='200'/></a>
        </td>
      </tr>
      <tr class="event-row">
        <td><span class="badge log info-bg">Info</span></td>
        <td>2:52:35â€¯pm</td>
        <td>
          ğŸ“· <b>Screenshot:</b> <a href='Screenshots/Request_TC/verifyRevokeStopChequeRequest_20250819_145221.png' target='_blank'><img src='Screenshots/Request_TC/verifyRevokeStopChequeRequest_20250819_145221.png' width='300' height='200'/></a>
        </td>
      </tr>
      <tr class="event-row">
        <td><span class="badge log info-bg">Info</span></td>
        <td>2:52:35â€¯pm</td>
        <td>
          ğŸ“· <b>Screenshot:</b> <a href='Screenshots/Request_TC/verifyStopChequeRequest_20250819_145212.png' target='_blank'><img src='Screenshots/Request_TC/verifyStopChequeRequest_20250819_145212.png' width='300' height='200'/></a>
        </td>
      </tr>
      <tr class="event-row">
        <td><span class="badge log info-bg">Info</span></td>
        <td>2:52:35â€¯pm</td>
        <td>
          ğŸ“· <b>Screenshot:</b> <a href='Screenshots/Request_TC/verifyTransactionHistory_20250819_145223.png' target='_blank'><img src='Screenshots/Request_TC/verifyTransactionHistory_20250819_145223.png' width='300' height='200'/></a>
        </td>
      </tr>
  </tbody>
</table>
</div>
          </div>
        </li>
        <li class="test-item"  status="fail" test-id="18"
          author=""
          tag="RetailBanking"
          device="">
          <div class="test-detail">
            <p class="name">verifyPositivePayHistoryOperations</p>
            <p class="text-sm">
              <span>2:52:35â€¯pm</span> / <span>00:00:01:581</span>
              <span class="badge fail-bg log float-right">Fail</span>
            </p>
          </div>
          <div class="test-contents d-none">
<div class="detail-head">
<div class="p-v-10">
<div class="info">
<h5 class="test-status text-fail">verifyPositivePayHistoryOperations</h5>
<span class='badge badge-success'>08.19.2025 2:52:35â€¯pm</span>
<span class='badge badge-danger'>08.19.2025 2:52:37â€¯pm</span>
<span class='badge badge-default'>00:00:01:581</span>
&middot; <span class='uri-anchor badge badge-default'>#test-id=18</span>
<span title='Skip to the next failed step' class='badge badge-danger pointer float-right ne ml-1'><i class="fa fa-fast-forward"></i></span>
<span title='Collapse all nodes' class='badge badge-default pointer float-right ct ml-1'><i class="fa fa-compress"></i></span>
<span title='Expand all nodes' class='badge badge-default pointer float-right et'><i class="fa fa-expand"></i></span>
</div>
<div class="m-t-15"><span class="badge badge-pill badge-default">RetailBanking</span></div>
</div>
</div><div class="detail-body mt-4">
<table class="table table-sm">
  <thead><tr><th class="status-col">Status</th><th class="timestamp-col">Timestamp</th><th class="details-col">Details</th></tr></thead>
  <tbody>
      <tr class="event-row">
        <td><span class="badge log info-bg">Info</span></td>
        <td>2:52:35â€¯pm</td>
        <td>
          ğŸ“Œ Test Started: verifyPositivePayHistoryOperations
        </td>
      </tr>
      <tr class="event-row">
        <td><span class="badge log fail-bg">Fail</span></td>
        <td>2:52:37â€¯pm</td>
        <td>
          <span class='badge white-text red'>Test FAILED âŒ</span>
        </td>
      </tr>
      <tr class="event-row">
        <td><span class="badge log fail-bg">Fail</span></td>
        <td>2:52:37â€¯pm</td>
        <td>
          <textarea readonly class="code-block">java.lang.AssertionError: Test Case Failed due to exception: element click intercepted: Element <span class="menu-title">...</span> is not clickable at point (124, 650). Other element would receive the click: <div _ngcontent-c5="" class="overlay ng-star-inserted" style="background-color: rgba(51, 51, 51, 0.8); position: fixed;">...</div>
  (Session info: chrome=139.0.7258.128)
Build info: version: '4.27.0', revision: 'd6e718d134'
System info: os.name: 'Windows 11', os.arch: 'amd64', os.version: '10.0', java.version: '21.0.6'
Driver info: org.openqa.selenium.chrome.ChromeDriver
Command: [54c769ae46996b14a19ea6e554621174, clickElement {id=f.347B1B2F0C8E6E6B2A16B0DFED1794F8.d.5E28081EA965396BA9E449B568B21CE9.e.315}]
Capabilities {acceptInsecureCerts: false, browserName: chrome, browserVersion: 139.0.7258.128, chrome: {chromedriverVersion: 139.0.7258.66 (a62d32994769..., userDataDir: C:\Users\SAURAV~1.KUM\AppDa...}, fedcm:accounts: true, goog:chromeOptions: {debuggerAddress: localhost:56264}, networkConnectionEnabled: false, pageLoadStrategy: normal, platformName: windows, proxy: Proxy(), se:cdp: ws://localhost:56264/devtoo..., se:cdpVersion: 139.0.7258.128, setWindowRect: true, strictFileInteractability: false, timeouts: {implicit: 0, pageLoad: 300000, script: 30000}, unhandledPromptBehavior: dismiss and notify, webauthn:extension:credBlob: true, webauthn:extension:largeBlob: true, webauthn:extension:minPinLength: true, webauthn:extension:prf: true, webauthn:virtualAuthenticators: true}
Element: [[ChromeDriver: chrome on windows (54c769ae46996b14a19ea6e554621174)] -> xpath: (//span[normalize-space()='Positive Pay History'])[1]]
Session ID: 54c769ae46996b14a19ea6e554621174
	at org.testng.Assert.fail(Assert.java:111)
	at com.retail_ib.testcase.Request_TC.handleTestError(Request_TC.java:661)
	at com.retail_ib.testcase.Request_TC.verifyPositivePayHistoryOperations(Request_TC.java:468)
	at java.base/jdk.internal.reflect.DirectMethodHandleAccessor.invoke(DirectMethodHandleAccessor.java:103)
	at java.base/java.lang.reflect.Method.invoke(Method.java:580)
	at org.testng.internal.invokers.MethodInvocationHelper.invokeMethod(MethodInvocationHelper.java:141)
	at org.testng.internal.invokers.TestInvoker.invokeMethod(TestInvoker.java:686)
	at org.testng.internal.invokers.TestInvoker.invokeTestMethod(TestInvoker.java:230)
	at org.testng.internal.invokers.MethodRunner.runInSequence(MethodRunner.java:63)
	at org.testng.internal.invokers.TestInvoker$MethodInvocationAgent.invoke(TestInvoker.java:992)
	at org.testng.internal.invokers.TestInvoker.invokeTestMethods(TestInvoker.java:203)
	at org.testng.internal.invokers.TestMethodWorker.invokeTestMethods(TestMethodWorker.java:154)
	at org.testng.internal.invokers.TestMethodWorker.run(TestMethodWorker.java:134)
	at java.base/java.util.ArrayList.forEach(ArrayList.java:1596)
	at org.testng.TestRunner.privateRun(TestRunner.java:739)
	at org.testng.TestRunner.run(TestRunner.java:614)
	at org.testng.SuiteRunner.runTest(SuiteRunner.java:421)
	at org.testng.SuiteRunner.runSequentially(SuiteRunner.java:413)
	at org.testng.SuiteRunner.privateRun(SuiteRunner.java:373)
	at org.testng.SuiteRunner.run(SuiteRunner.java:312)
	at org.testng.SuiteRunnerWorker.runSuite(SuiteRunnerWorker.java:52)
	at org.testng.SuiteRunnerWorker.run(SuiteRunnerWorker.java:95)
	at org.testng.TestNG.runSuitesSequentially(TestNG.java:1274)
	at org.testng.TestNG.runSuitesLocally(TestNG.java:1208)
	at org.testng.TestNG.runSuites(TestNG.java:1112)
	at org.testng.TestNG.run(TestNG.java:1079)
	at org.testng.remote.AbstractRemoteTestNG.run(AbstractRemoteTestNG.java:115)
	at org.testng.remote.RemoteTestNG.initAndRun(RemoteTestNG.java:293)
	at org.testng.remote.RemoteTestNG.main(RemoteTestNG.java:91)
</textarea>
          
        </td>
      </tr>
      <tr class="event-row">
        <td><span class="badge log info-bg">Info</span></td>
        <td>2:52:37â€¯pm</td>
        <td>
          ğŸ“· <b>Screenshot:</b> <a href='Screenshots/Request_TC/verifyApplyNowRequest_20250819_145226.png' target='_blank'><img src='Screenshots/Request_TC/verifyApplyNowRequest_20250819_145226.png' width='300' height='200'/></a>
        </td>
      </tr>
      <tr class="event-row">
        <td><span class="badge log info-bg">Info</span></td>
        <td>2:52:37â€¯pm</td>
        <td>
          ğŸ“· <b>Screenshot:</b> <a href='Screenshots/Request_TC/verifyChequeBookRequest_20250819_145201.png' target='_blank'><img src='Screenshots/Request_TC/verifyChequeBookRequest_20250819_145201.png' width='300' height='200'/></a>
        </td>
      </tr>
      <tr class="event-row">
        <td><span class="badge log info-bg">Info</span></td>
        <td>2:52:37â€¯pm</td>
        <td>
          ğŸ“· <b>Screenshot:</b> <a href='Screenshots/Request_TC/verifyPositivePayRequest_20250819_145235.png' target='_blank'><img src='Screenshots/Request_TC/verifyPositivePayRequest_20250819_145235.png' width='300' height='200'/></a>
        </td>
      </tr>
      <tr class="event-row">
        <td><span class="badge log info-bg">Info</span></td>
        <td>2:52:37â€¯pm</td>
        <td>
          ğŸ“· <b>Screenshot:</b> <a href='Screenshots/Request_TC/verifyRevokeStopChequeRequest_20250819_145221.png' target='_blank'><img src='Screenshots/Request_TC/verifyRevokeStopChequeRequest_20250819_145221.png' width='300' height='200'/></a>
        </td>
      </tr>
      <tr class="event-row">
        <td><span class="badge log info-bg">Info</span></td>
        <td>2:52:37â€¯pm</td>
        <td>
          ğŸ“· <b>Screenshot:</b> <a href='Screenshots/Request_TC/verifyStopChequeRequest_20250819_145212.png' target='_blank'><img src='Screenshots/Request_TC/verifyStopChequeRequest_20250819_145212.png' width='300' height='200'/></a>
        </td>
      </tr>
      <tr class="event-row">
        <td><span class="badge log info-bg">Info</span></td>
        <td>2:52:37â€¯pm</td>
        <td>
          ğŸ“· <b>Screenshot:</b> <a href='Screenshots/Request_TC/verifyTransactionHistory_20250819_145223.png' target='_blank'><img src='Screenshots/Request_TC/verifyTransactionHistory_20250819_145223.png' width='300' height='200'/></a>
        </td>
      </tr>
  </tbody>
</table>
</div>
          </div>
        </li>
        <li class="test-item"  status="fail" test-id="20"
          author=""
          tag="RetailBanking"
          device="">
          <div class="test-detail">
            <p class="name">verifyNACHCancellation</p>
            <p class="text-sm">
              <span>2:52:38â€¯pm</span> / <span>00:00:01:593</span>
              <span class="badge fail-bg log float-right">Fail</span>
            </p>
          </div>
          <div class="test-contents d-none">
<div class="detail-head">
<div class="p-v-10">
<div class="info">
<h5 class="test-status text-fail">verifyNACHCancellation</h5>
<span class='badge badge-success'>08.19.2025 2:52:38â€¯pm</span>
<span class='badge badge-danger'>08.19.2025 2:52:39â€¯pm</span>
<span class='badge badge-default'>00:00:01:593</span>
&middot; <span class='uri-anchor badge badge-default'>#test-id=20</span>
<span title='Skip to the next failed step' class='badge badge-danger pointer float-right ne ml-1'><i class="fa fa-fast-forward"></i></span>
<span title='Collapse all nodes' class='badge badge-default pointer float-right ct ml-1'><i class="fa fa-compress"></i></span>
<span title='Expand all nodes' class='badge badge-default pointer float-right et'><i class="fa fa-expand"></i></span>
</div>
<div class="m-t-15"><span class="badge badge-pill badge-default">RetailBanking</span></div>
</div>
</div><div class="detail-body mt-4">
<table class="table table-sm">
  <thead><tr><th class="status-col">Status</th><th class="timestamp-col">Timestamp</th><th class="details-col">Details</th></tr></thead>
  <tbody>
      <tr class="event-row">
        <td><span class="badge log info-bg">Info</span></td>
        <td>2:52:38â€¯pm</td>
        <td>
          ğŸ“Œ Test Started: verifyNACHCancellation
        </td>
      </tr>
      <tr class="event-row">
        <td><span class="badge log fail-bg">Fail</span></td>
        <td>2:52:39â€¯pm</td>
        <td>
          <span class='badge white-text red'>Test FAILED âŒ</span>
        </td>
      </tr>
      <tr class="event-row">
        <td><span class="badge log fail-bg">Fail</span></td>
        <td>2:52:39â€¯pm</td>
        <td>
          <textarea readonly class="code-block">java.lang.AssertionError: Test Case Failed due to exception: element click intercepted: Element is not clickable at point (118, 688)
  (Session info: chrome=139.0.7258.128)
Build info: version: '4.27.0', revision: 'd6e718d134'
System info: os.name: 'Windows 11', os.arch: 'amd64', os.version: '10.0', java.version: '21.0.6'
Driver info: org.openqa.selenium.chrome.ChromeDriver
Command: [54c769ae46996b14a19ea6e554621174, clickElement {id=f.347B1B2F0C8E6E6B2A16B0DFED1794F8.d.5E28081EA965396BA9E449B568B21CE9.e.316}]
Capabilities {acceptInsecureCerts: false, browserName: chrome, browserVersion: 139.0.7258.128, chrome: {chromedriverVersion: 139.0.7258.66 (a62d32994769..., userDataDir: C:\Users\SAURAV~1.KUM\AppDa...}, fedcm:accounts: true, goog:chromeOptions: {debuggerAddress: localhost:56264}, networkConnectionEnabled: false, pageLoadStrategy: normal, platformName: windows, proxy: Proxy(), se:cdp: ws://localhost:56264/devtoo..., se:cdpVersion: 139.0.7258.128, setWindowRect: true, strictFileInteractability: false, timeouts: {implicit: 0, pageLoad: 300000, script: 30000}, unhandledPromptBehavior: dismiss and notify, webauthn:extension:credBlob: true, webauthn:extension:largeBlob: true, webauthn:extension:minPinLength: true, webauthn:extension:prf: true, webauthn:virtualAuthenticators: true}
Element: [[ChromeDriver: chrome on windows (54c769ae46996b14a19ea6e554621174)] -> xpath: (//span[normalize-space()='NACH Cancellation'])[1]]
Session ID: 54c769ae46996b14a19ea6e554621174
	at org.testng.Assert.fail(Assert.java:111)
	at com.retail_ib.testcase.Request_TC.handleTestError(Request_TC.java:661)
	at com.retail_ib.testcase.Request_TC.verifyNACHCancellation(Request_TC.java:513)
	at java.base/jdk.internal.reflect.DirectMethodHandleAccessor.invoke(DirectMethodHandleAccessor.java:103)
	at java.base/java.lang.reflect.Method.invoke(Method.java:580)
	at org.testng.internal.invokers.MethodInvocationHelper.invokeMethod(MethodInvocationHelper.java:141)
	at org.testng.internal.invokers.TestInvoker.invokeMethod(TestInvoker.java:686)
	at org.testng.internal.invokers.TestInvoker.invokeTestMethod(TestInvoker.java:230)
	at org.testng.internal.invokers.MethodRunner.runInSequence(MethodRunner.java:63)
	at org.testng.internal.invokers.TestInvoker$MethodInvocationAgent.invoke(TestInvoker.java:992)
	at org.testng.internal.invokers.TestInvoker.invokeTestMethods(TestInvoker.java:203)
	at org.testng.internal.invokers.TestMethodWorker.invokeTestMethods(TestMethodWorker.java:154)
	at org.testng.internal.invokers.TestMethodWorker.run(TestMethodWorker.java:134)
	at java.base/java.util.ArrayList.forEach(ArrayList.java:1596)
	at org.testng.TestRunner.privateRun(TestRunner.java:739)
	at org.testng.TestRunner.run(TestRunner.java:614)
	at org.testng.SuiteRunner.runTest(SuiteRunner.java:421)
	at org.testng.SuiteRunner.runSequentially(SuiteRunner.java:413)
	at org.testng.SuiteRunner.privateRun(SuiteRunner.java:373)
	at org.testng.SuiteRunner.run(SuiteRunner.java:312)
	at org.testng.SuiteRunnerWorker.runSuite(SuiteRunnerWorker.java:52)
	at org.testng.SuiteRunnerWorker.run(SuiteRunnerWorker.java:95)
	at org.testng.TestNG.runSuitesSequentially(TestNG.java:1274)
	at org.testng.TestNG.runSuitesLocally(TestNG.java:1208)
	at org.testng.TestNG.runSuites(TestNG.java:1112)
	at org.testng.TestNG.run(TestNG.java:1079)
	at org.testng.remote.AbstractRemoteTestNG.run(AbstractRemoteTestNG.java:115)
	at org.testng.remote.RemoteTestNG.initAndRun(RemoteTestNG.java:293)
	at org.testng.remote.RemoteTestNG.main(RemoteTestNG.java:91)
</textarea>
          
        </td>
      </tr>
      <tr class="event-row">
        <td><span class="badge log info-bg">Info</span></td>
        <td>2:52:39â€¯pm</td>
        <td>
          ğŸ“· <b>Screenshot:</b> <a href='Screenshots/Request_TC/verifyApplyNowRequest_20250819_145226.png' target='_blank'><img src='Screenshots/Request_TC/verifyApplyNowRequest_20250819_145226.png' width='300' height='200'/></a>
        </td>
      </tr>
      <tr class="event-row">
        <td><span class="badge log info-bg">Info</span></td>
        <td>2:52:39â€¯pm</td>
        <td>
          ğŸ“· <b>Screenshot:</b> <a href='Screenshots/Request_TC/verifyChequeBookRequest_20250819_145201.png' target='_blank'><img src='Screenshots/Request_TC/verifyChequeBookRequest_20250819_145201.png' width='300' height='200'/></a>
        </td>
      </tr>
      <tr class="event-row">
        <td><span class="badge log info-bg">Info</span></td>
        <td>2:52:39â€¯pm</td>
        <td>
          ğŸ“· <b>Screenshot:</b> <a href='Screenshots/Request_TC/verifyPositivePayHistoryOperations_20250819_145238.png' target='_blank'><img src='Screenshots/Request_TC/verifyPositivePayHistoryOperations_20250819_145238.png' width='300' height='200'/></a>
        </td>
      </tr>
      <tr class="event-row">
        <td><span class="badge log info-bg">Info</span></td>
        <td>2:52:39â€¯pm</td>
        <td>
          ğŸ“· <b>Screenshot:</b> <a href='Screenshots/Request_TC/verifyPositivePayRequest_20250819_145235.png' target='_blank'><img src='Screenshots/Request_TC/verifyPositivePayRequest_20250819_145235.png' width='300' height='200'/></a>
        </td>
      </tr>
      <tr class="event-row">
        <td><span class="badge log info-bg">Info</span></td>
        <td>2:52:39â€¯pm</td>
        <td>
          ğŸ“· <b>Screenshot:</b> <a href='Screenshots/Request_TC/verifyRevokeStopChequeRequest_20250819_145221.png' target='_blank'><img src='Screenshots/Request_TC/verifyRevokeStopChequeRequest_20250819_145221.png' width='300' height='200'/></a>
        </td>
      </tr>
      <tr class="event-row">
        <td><span class="badge log info-bg">Info</span></td>
        <td>2:52:39â€¯pm</td>
        <td>
          ğŸ“· <b>Screenshot:</b> <a href='Screenshots/Request_TC/verifyStopChequeRequest_20250819_145212.png' target='_blank'><img src='Screenshots/Request_TC/verifyStopChequeRequest_20250819_145212.png' width='300' height='200'/></a>
        </td>
      </tr>
      <tr class="event-row">
        <td><span class="badge log info-bg">Info</span></td>
        <td>2:52:39â€¯pm</td>
        <td>
          ğŸ“· <b>Screenshot:</b> <a href='Screenshots/Request_TC/verifyTransactionHistory_20250819_145223.png' target='_blank'><img src='Screenshots/Request_TC/verifyTransactionHistory_20250819_145223.png' width='300' height='200'/></a>
        </td>
      </tr>
  </tbody>
</table>
</div>
          </div>
        </li>
        <li class="test-item"  status="fail" test-id="22"
          author=""
          tag="RetailBanking"
          device="">
          <div class="test-detail">
            <p class="name">verifyOnlineKYCUpdation</p>
            <p class="text-sm">
              <span>2:52:40â€¯pm</span> / <span>00:00:30:724</span>
              <span class="badge fail-bg log float-right">Fail</span>
            </p>
          </div>
          <div class="test-contents d-none">
<div class="detail-head">
<div class="p-v-10">
<div class="info">
<h5 class="test-status text-fail">verifyOnlineKYCUpdation</h5>
<span class='badge badge-success'>08.19.2025 2:52:40â€¯pm</span>
<span class='badge badge-danger'>08.19.2025 2:53:10â€¯pm</span>
<span class='badge badge-default'>00:00:30:724</span>
&middot; <span class='uri-anchor badge badge-default'>#test-id=22</span>
<span title='Skip to the next failed step' class='badge badge-danger pointer float-right ne ml-1'><i class="fa fa-fast-forward"></i></span>
<span title='Collapse all nodes' class='badge badge-default pointer float-right ct ml-1'><i class="fa fa-compress"></i></span>
<span title='Expand all nodes' class='badge badge-default pointer float-right et'><i class="fa fa-expand"></i></span>
</div>
<div class="m-t-15"><span class="badge badge-pill badge-default">RetailBanking</span></div>
</div>
</div><div class="detail-body mt-4">
<table class="table table-sm">
  <thead><tr><th class="status-col">Status</th><th class="timestamp-col">Timestamp</th><th class="details-col">Details</th></tr></thead>
  <tbody>
      <tr class="event-row">
        <td><span class="badge log info-bg">Info</span></td>
        <td>2:52:40â€¯pm</td>
        <td>
          ğŸ“Œ Test Started: verifyOnlineKYCUpdation
        </td>
      </tr>
      <tr class="event-row">
        <td><span class="badge log fail-bg">Fail</span></td>
        <td>2:53:10â€¯pm</td>
        <td>
          <span class='badge white-text red'>Test FAILED âŒ</span>
        </td>
      </tr>
      <tr class="event-row">
        <td><span class="badge log fail-bg">Fail</span></td>
        <td>2:53:10â€¯pm</td>
        <td>
          <textarea readonly class="code-block">java.lang.AssertionError: Test Case Failed due to exception: Expected condition failed: waiting for element to be clickable: [[ChromeDriver: chrome on windows (54c769ae46996b14a19ea6e554621174)] -> xpath: (//span[normalize-space()='ReKyc'])[1]] (tried for 30 second(s) with 500 milliseconds interval)
Build info: version: '4.27.0', revision: 'd6e718d134'
System info: os.name: 'Windows 11', os.arch: 'amd64', os.version: '10.0', java.version: '21.0.6'
Driver info: org.openqa.selenium.chrome.ChromeDriver
Capabilities {acceptInsecureCerts: false, browserName: chrome, browserVersion: 139.0.7258.128, chrome: {chromedriverVersion: 139.0.7258.66 (a62d32994769..., userDataDir: C:\Users\SAURAV~1.KUM\AppDa...}, fedcm:accounts: true, goog:chromeOptions: {debuggerAddress: localhost:56264}, networkConnectionEnabled: false, pageLoadStrategy: normal, platformName: windows, proxy: Proxy(), se:cdp: ws://localhost:56264/devtoo..., se:cdpVersion: 139.0.7258.128, setWindowRect: true, strictFileInteractability: false, timeouts: {implicit: 0, pageLoad: 300000, script: 30000}, unhandledPromptBehavior: dismiss and notify, webauthn:extension:credBlob: true, webauthn:extension:largeBlob: true, webauthn:extension:minPinLength: true, webauthn:extension:prf: true, webauthn:virtualAuthenticators: true}
Session ID: 54c769ae46996b14a19ea6e554621174
	at org.testng.Assert.fail(Assert.java:111)
	at com.retail_ib.testcase.Request_TC.handleTestError(Request_TC.java:661)
	at com.retail_ib.testcase.Request_TC.verifyOnlineKYCUpdation(Request_TC.java:540)
	at java.base/jdk.internal.reflect.DirectMethodHandleAccessor.invoke(DirectMethodHandleAccessor.java:103)
	at java.base/java.lang.reflect.Method.invoke(Method.java:580)
	at org.testng.internal.invokers.MethodInvocationHelper.invokeMethod(MethodInvocationHelper.java:141)
	at org.testng.internal.invokers.TestInvoker.invokeMethod(TestInvoker.java:686)
	at org.testng.internal.invokers.TestInvoker.invokeTestMethod(TestInvoker.java:230)
	at org.testng.internal.invokers.MethodRunner.runInSequence(MethodRunner.java:63)
	at org.testng.internal.invokers.TestInvoker$MethodInvocationAgent.invoke(TestInvoker.java:992)
	at org.testng.internal.invokers.TestInvoker.invokeTestMethods(TestInvoker.java:203)
	at org.testng.internal.invokers.TestMethodWorker.invokeTestMethods(TestMethodWorker.java:154)
	at org.testng.internal.invokers.TestMethodWorker.run(TestMethodWorker.java:134)
	at java.base/java.util.ArrayList.forEach(ArrayList.java:1596)
	at org.testng.TestRunner.privateRun(TestRunner.java:739)
	at org.testng.TestRunner.run(TestRunner.java:614)
	at org.testng.SuiteRunner.runTest(SuiteRunner.java:421)
	at org.testng.SuiteRunner.runSequentially(SuiteRunner.java:413)
	at org.testng.SuiteRunner.privateRun(SuiteRunner.java:373)
	at org.testng.SuiteRunner.run(SuiteRunner.java:312)
	at org.testng.SuiteRunnerWorker.runSuite(SuiteRunnerWorker.java:52)
	at org.testng.SuiteRunnerWorker.run(SuiteRunnerWorker.java:95)
	at org.testng.TestNG.runSuitesSequentially(TestNG.java:1274)
	at org.testng.TestNG.runSuitesLocally(TestNG.java:1208)
	at org.testng.TestNG.runSuites(TestNG.java:1112)
	at org.testng.TestNG.run(TestNG.java:1079)
	at org.testng.remote.AbstractRemoteTestNG.run(AbstractRemoteTestNG.java:115)
	at org.testng.remote.RemoteTestNG.initAndRun(RemoteTestNG.java:293)
	at org.testng.remote.RemoteTestNG.main(RemoteTestNG.java:91)
</textarea>
          
        </td>
      </tr>
      <tr class="event-row">
        <td><span class="badge log info-bg">Info</span></td>
        <td>2:53:10â€¯pm</td>
        <td>
          ğŸ“· <b>Screenshot:</b> <a href='Screenshots/Request_TC/verifyApplyNowRequest_20250819_145226.png' target='_blank'><img src='Screenshots/Request_TC/verifyApplyNowRequest_20250819_145226.png' width='300' height='200'/></a>
        </td>
      </tr>
      <tr class="event-row">
        <td><span class="badge log info-bg">Info</span></td>
        <td>2:53:10â€¯pm</td>
        <td>
          ğŸ“· <b>Screenshot:</b> <a href='Screenshots/Request_TC/verifyChequeBookRequest_20250819_145201.png' target='_blank'><img src='Screenshots/Request_TC/verifyChequeBookRequest_20250819_145201.png' width='300' height='200'/></a>
        </td>
      </tr>
      <tr class="event-row">
        <td><span class="badge log info-bg">Info</span></td>
        <td>2:53:10â€¯pm</td>
        <td>
          ğŸ“· <b>Screenshot:</b> <a href='Screenshots/Request_TC/verifyNACHCancellation_20250819_145240.png' target='_blank'><img src='Screenshots/Request_TC/verifyNACHCancellation_20250819_145240.png' width='300' height='200'/></a>
        </td>
      </tr>
      <tr class="event-row">
        <td><span class="badge log info-bg">Info</span></td>
        <td>2:53:10â€¯pm</td>
        <td>
          ğŸ“· <b>Screenshot:</b> <a href='Screenshots/Request_TC/verifyPositivePayHistoryOperations_20250819_145238.png' target='_blank'><img src='Screenshots/Request_TC/verifyPositivePayHistoryOperations_20250819_145238.png' width='300' height='200'/></a>
        </td>
      </tr>
      <tr class="event-row">
        <td><span class="badge log info-bg">Info</span></td>
        <td>2:53:10â€¯pm</td>
        <td>
          ğŸ“· <b>Screenshot:</b> <a href='Screenshots/Request_TC/verifyPositivePayRequest_20250819_145235.png' target='_blank'><img src='Screenshots/Request_TC/verifyPositivePayRequest_20250819_145235.png' width='300' height='200'/></a>
        </td>
      </tr>
      <tr class="event-row">
        <td><span class="badge log info-bg">Info</span></td>
        <td>2:53:10â€¯pm</td>
        <td>
          ğŸ“· <b>Screenshot:</b> <a href='Screenshots/Request_TC/verifyRevokeStopChequeRequest_20250819_145221.png' target='_blank'><img src='Screenshots/Request_TC/verifyRevokeStopChequeRequest_20250819_145221.png' width='300' height='200'/></a>
        </td>
      </tr>
      <tr class="event-row">
        <td><span class="badge log info-bg">Info</span></td>
        <td>2:53:10â€¯pm</td>
        <td>
          ğŸ“· <b>Screenshot:</b> <a href='Screenshots/Request_TC/verifyStopChequeRequest_20250819_145212.png' target='_blank'><img src='Screenshots/Request_TC/verifyStopChequeRequest_20250819_145212.png' width='300' height='200'/></a>
        </td>
      </tr>
      <tr class="event-row">
        <td><span class="badge log info-bg">Info</span></td>
        <td>2:53:10â€¯pm</td>
        <td>
          ğŸ“· <b>Screenshot:</b> <a href='Screenshots/Request_TC/verifyTransactionHistory_20250819_145223.png' target='_blank'><img src='Screenshots/Request_TC/verifyTransactionHistory_20250819_145223.png' width='300' height='200'/></a>
        </td>
      </tr>
  </tbody>
</table>
</div>
          </div>
        </li>
        <li class="test-item"  status="fail" test-id="24"
          author=""
          tag="RetailBanking"
          device="">
          <div class="test-detail">
            <p class="name">verifyNomineeManagement</p>
            <p class="text-sm">
              <span>2:53:11â€¯pm</span> / <span>00:00:31:166</span>
              <span class="badge fail-bg log float-right">Fail</span>
            </p>
          </div>
          <div class="test-contents d-none">
<div class="detail-head">
<div class="p-v-10">
<div class="info">
<h5 class="test-status text-fail">verifyNomineeManagement</h5>
<span class='badge badge-success'>08.19.2025 2:53:11â€¯pm</span>
<span class='badge badge-danger'>08.19.2025 2:53:42â€¯pm</span>
<span class='badge badge-default'>00:00:31:166</span>
&middot; <span class='uri-anchor badge badge-default'>#test-id=24</span>
<span title='Skip to the next failed step' class='badge badge-danger pointer float-right ne ml-1'><i class="fa fa-fast-forward"></i></span>
<span title='Collapse all nodes' class='badge badge-default pointer float-right ct ml-1'><i class="fa fa-compress"></i></span>
<span title='Expand all nodes' class='badge badge-default pointer float-right et'><i class="fa fa-expand"></i></span>
</div>
<div class="m-t-15"><span class="badge badge-pill badge-default">RetailBanking</span></div>
</div>
</div><div class="detail-body mt-4">
<table class="table table-sm">
  <thead><tr><th class="status-col">Status</th><th class="timestamp-col">Timestamp</th><th class="details-col">Details</th></tr></thead>
  <tbody>
      <tr class="event-row">
        <td><span class="badge log info-bg">Info</span></td>
        <td>2:53:11â€¯pm</td>
        <td>
          ğŸ“Œ Test Started: verifyNomineeManagement
        </td>
      </tr>
      <tr class="event-row">
        <td><span class="badge log fail-bg">Fail</span></td>
        <td>2:53:42â€¯pm</td>
        <td>
          <span class='badge white-text red'>Test FAILED âŒ</span>
        </td>
      </tr>
      <tr class="event-row">
        <td><span class="badge log fail-bg">Fail</span></td>
        <td>2:53:42â€¯pm</td>
        <td>
          <textarea readonly class="code-block">java.lang.AssertionError: Test Case Failed due to exception: Expected condition failed: waiting for element to be clickable: [[ChromeDriver: chrome on windows (54c769ae46996b14a19ea6e554621174)] -> xpath: (//span[normalize-space()='Nominee Management'])[1]] (tried for 30 second(s) with 500 milliseconds interval)
Build info: version: '4.27.0', revision: 'd6e718d134'
System info: os.name: 'Windows 11', os.arch: 'amd64', os.version: '10.0', java.version: '21.0.6'
Driver info: org.openqa.selenium.chrome.ChromeDriver
Capabilities {acceptInsecureCerts: false, browserName: chrome, browserVersion: 139.0.7258.128, chrome: {chromedriverVersion: 139.0.7258.66 (a62d32994769..., userDataDir: C:\Users\SAURAV~1.KUM\AppDa...}, fedcm:accounts: true, goog:chromeOptions: {debuggerAddress: localhost:56264}, networkConnectionEnabled: false, pageLoadStrategy: normal, platformName: windows, proxy: Proxy(), se:cdp: ws://localhost:56264/devtoo..., se:cdpVersion: 139.0.7258.128, setWindowRect: true, strictFileInteractability: false, timeouts: {implicit: 0, pageLoad: 300000, script: 30000}, unhandledPromptBehavior: dismiss and notify, webauthn:extension:credBlob: true, webauthn:extension:largeBlob: true, webauthn:extension:minPinLength: true, webauthn:extension:prf: true, webauthn:virtualAuthenticators: true}
Session ID: 54c769ae46996b14a19ea6e554621174
	at org.testng.Assert.fail(Assert.java:111)
	at com.retail_ib.testcase.Request_TC.handleTestError(Request_TC.java:661)
	at com.retail_ib.testcase.Request_TC.verifyNomineeManagement(Request_TC.java:640)
	at java.base/jdk.internal.reflect.DirectMethodHandleAccessor.invoke(DirectMethodHandleAccessor.java:103)
	at java.base/java.lang.reflect.Method.invoke(Method.java:580)
	at org.testng.internal.invokers.MethodInvocationHelper.invokeMethod(MethodInvocationHelper.java:141)
	at org.testng.internal.invokers.TestInvoker.invokeMethod(TestInvoker.java:686)
	at org.testng.internal.invokers.TestInvoker.invokeTestMethod(TestInvoker.java:230)
	at org.testng.internal.invokers.MethodRunner.runInSequence(MethodRunner.java:63)
	at org.testng.internal.invokers.TestInvoker$MethodInvocationAgent.invoke(TestInvoker.java:992)
	at org.testng.internal.invokers.TestInvoker.invokeTestMethods(TestInvoker.java:203)
	at org.testng.internal.invokers.TestMethodWorker.invokeTestMethods(TestMethodWorker.java:154)
	at org.testng.internal.invokers.TestMethodWorker.run(TestMethodWorker.java:134)
	at java.base/java.util.ArrayList.forEach(ArrayList.java:1596)
	at org.testng.TestRunner.privateRun(TestRunner.java:739)
	at org.testng.TestRunner.run(TestRunner.java:614)
	at org.testng.SuiteRunner.runTest(SuiteRunner.java:421)
	at org.testng.SuiteRunner.runSequentially(SuiteRunner.java:413)
	at org.testng.SuiteRunner.privateRun(SuiteRunner.java:373)
	at org.testng.SuiteRunner.run(SuiteRunner.java:312)
	at org.testng.SuiteRunnerWorker.runSuite(SuiteRunnerWorker.java:52)
	at org.testng.SuiteRunnerWorker.run(SuiteRunnerWorker.java:95)
	at org.testng.TestNG.runSuitesSequentially(TestNG.java:1274)
	at org.testng.TestNG.runSuitesLocally(TestNG.java:1208)
	at org.testng.TestNG.runSuites(TestNG.java:1112)
	at org.testng.TestNG.run(TestNG.java:1079)
	at org.testng.remote.AbstractRemoteTestNG.run(AbstractRemoteTestNG.java:115)
	at org.testng.remote.RemoteTestNG.initAndRun(RemoteTestNG.java:293)
	at org.testng.remote.RemoteTestNG.main(RemoteTestNG.java:91)
</textarea>
          
        </td>
      </tr>
      <tr class="event-row">
        <td><span class="badge log info-bg">Info</span></td>
        <td>2:53:42â€¯pm</td>
        <td>
          ğŸ“· <b>Screenshot:</b> <a href='Screenshots/Request_TC/Final_Logout_20250819_145342.png' target='_blank'><img src='Screenshots/Request_TC/Final_Logout_20250819_145342.png' width='300' height='200'/></a>
        </td>
      </tr>
      <tr class="event-row">
        <td><span class="badge log info-bg">Info</span></td>
        <td>2:53:42â€¯pm</td>
        <td>
          ğŸ“· <b>Screenshot:</b> <a href='Screenshots/Request_TC/verifyApplyNowRequest_20250819_145226.png' target='_blank'><img src='Screenshots/Request_TC/verifyApplyNowRequest_20250819_145226.png' width='300' height='200'/></a>
        </td>
      </tr>
      <tr class="event-row">
        <td><span class="badge log info-bg">Info</span></td>
        <td>2:53:42â€¯pm</td>
        <td>
          ğŸ“· <b>Screenshot:</b> <a href='Screenshots/Request_TC/verifyChequeBookRequest_20250819_145201.png' target='_blank'><img src='Screenshots/Request_TC/verifyChequeBookRequest_20250819_145201.png' width='300' height='200'/></a>
        </td>
      </tr>
      <tr class="event-row">
        <td><span class="badge log info-bg">Info</span></td>
        <td>2:53:42â€¯pm</td>
        <td>
          ğŸ“· <b>Screenshot:</b> <a href='Screenshots/Request_TC/verifyNACHCancellation_20250819_145240.png' target='_blank'><img src='Screenshots/Request_TC/verifyNACHCancellation_20250819_145240.png' width='300' height='200'/></a>
        </td>
      </tr>
      <tr class="event-row">
        <td><span class="badge log info-bg">Info</span></td>
        <td>2:53:42â€¯pm</td>
        <td>
          ğŸ“· <b>Screenshot:</b> <a href='Screenshots/Request_TC/verifyOnlineKYCUpdation_20250819_145311.png' target='_blank'><img src='Screenshots/Request_TC/verifyOnlineKYCUpdation_20250819_145311.png' width='300' height='200'/></a>
        </td>
      </tr>
      <tr class="event-row">
        <td><span class="badge log info-bg">Info</span></td>
        <td>2:53:42â€¯pm</td>
        <td>
          ğŸ“· <b>Screenshot:</b> <a href='Screenshots/Request_TC/verifyPositivePayHistoryOperations_20250819_145238.png' target='_blank'><img src='Screenshots/Request_TC/verifyPositivePayHistoryOperations_20250819_145238.png' width='300' height='200'/></a>
        </td>
      </tr>
      <tr class="event-row">
        <td><span class="badge log info-bg">Info</span></td>
        <td>2:53:42â€¯pm</td>
        <td>
          ğŸ“· <b>Screenshot:</b> <a href='Screenshots/Request_TC/verifyPositivePayRequest_20250819_145235.png' target='_blank'><img src='Screenshots/Request_TC/verifyPositivePayRequest_20250819_145235.png' width='300' height='200'/></a>
        </td>
      </tr>
      <tr class="event-row">
        <td><span class="badge log info-bg">Info</span></td>
        <td>2:53:42â€¯pm</td>
        <td>
          ğŸ“· <b>Screenshot:</b> <a href='Screenshots/Request_TC/verifyRevokeStopChequeRequest_20250819_145221.png' target='_blank'><img src='Screenshots/Request_TC/verifyRevokeStopChequeRequest_20250819_145221.png' width='300' height='200'/></a>
        </td>
      </tr>
      <tr class="event-row">
        <td><span class="badge log info-bg">Info</span></td>
        <td>2:53:42â€¯pm</td>
        <td>
          ğŸ“· <b>Screenshot:</b> <a href='Screenshots/Request_TC/verifyStopChequeRequest_20250819_145212.png' target='_blank'><img src='Screenshots/Request_TC/verifyStopChequeRequest_20250819_145212.png' width='300' height='200'/></a>
        </td>
      </tr>
      <tr class="event-row">
        <td><span class="badge log info-bg">Info</span></td>
        <td>2:53:42â€¯pm</td>
        <td>
          ğŸ“· <b>Screenshot:</b> <a href='Screenshots/Request_TC/verifyTransactionHistory_20250819_145223.png' target='_blank'><img src='Screenshots/Request_TC/verifyTransactionHistory_20250819_145223.png' width='300' height='200'/></a>
        </td>
      </tr>
  </tbody>
</table>
</div>
          </div>
        </li>
      </ul>
    </div>
  </div>
<div class="test-content scrollable">
<div class="test-content-tools">
<ul><li><a class="back-to-test" href="#"><i class="fa fa-arrow-left"></i></a></li></ul>
</div>
<div class="test-content-detail"><div class="detail-body"></div></div>
</div></div>
<div class="test-wrapper row view exception-view attributes-view">
<div class="test-list">
<div class="test-list-tools">
<ul class="tools pull-left"><li><a href=""><span class="font-size-14">Exception</span></a></li></ul>
<ul class="tools text-right"><li><a href="#"><span class="badge badge-primary">1</span></a></li></ul>
</div>
<div class="test-list-wrapper scrollable">
<ul class="test-list-item">
<li class="test-item">
<div class="test-detail">
<span class="meta">
<span class='badge log badge-danger'>10</span>
</span>
<p class="name">java.lang.AssertionError</p>
<p class="duration text-sm">10 tests</p>
</div>
<div class="test-contents d-none">
<div class="info">
<h4>java.lang.AssertionError</h4>
<span status="fail" class='badge log badge-danger'>10 failed</span>
</div>
<table class='table table-sm mt-4'>
<thead>
<tr>
<th class="status-col">Status</th>
<th class="timestamp-col">Timestamp</th>
<th>TestName</th>
</tr>
</thead>
<tbody>
<tr class="tag-test-status" status="fail">
<td><span class="badge log fail-bg">Fail</span></td>
<td>14:51:14 pm</td>
<td>
<a href="#" class="linked" test-id='4' id='4'>verifyChequeBookRequest</a>
</td>
</tr>
<tr class="tag-test-status" status="fail">
<td><span class="badge log fail-bg">Fail</span></td>
<td>14:52:09 pm</td>
<td>
<a href="#" class="linked" test-id='8' id='8'>verifyStopChequeRequest</a>
</td>
</tr>
<tr class="tag-test-status" status="fail">
<td><span class="badge log fail-bg">Fail</span></td>
<td>14:52:12 pm</td>
<td>
<a href="#" class="linked" test-id='10' id='10'>verifyRevokeStopChequeRequest</a>
</td>
</tr>
<tr class="tag-test-status" status="fail">
<td><span class="badge log fail-bg">Fail</span></td>
<td>14:52:21 pm</td>
<td>
<a href="#" class="linked" test-id='12' id='12'>verifyTransactionHistory</a>
</td>
</tr>
<tr class="tag-test-status" status="fail">
<td><span class="badge log fail-bg">Fail</span></td>
<td>14:52:23 pm</td>
<td>
<a href="#" class="linked" test-id='14' id='14'>verifyApplyNowRequest</a>
</td>
</tr>
<tr class="tag-test-status" status="fail">
<td><span class="badge log fail-bg">Fail</span></td>
<td>14:52:26 pm</td>
<td>
<a href="#" class="linked" test-id='16' id='16'>verifyPositivePayRequest</a>
</td>
</tr>
<tr class="tag-test-status" status="fail">
<td><span class="badge log fail-bg">Fail</span></td>
<td>14:52:35 pm</td>
<td>
<a href="#" class="linked" test-id='18' id='18'>verifyPositivePayHistoryOperations</a>
</td>
</tr>
<tr class="tag-test-status" status="fail">
<td><span class="badge log fail-bg">Fail</span></td>
<td>14:52:38 pm</td>
<td>
<a href="#" class="linked" test-id='20' id='20'>verifyNACHCancellation</a>
</td>
</tr>
<tr class="tag-test-status" status="fail">
<td><span class="badge log fail-bg">Fail</span></td>
<td>14:52:40 pm</td>
<td>
<a href="#" class="linked" test-id='22' id='22'>verifyOnlineKYCUpdation</a>
</td>
</tr>
<tr class="tag-test-status" status="fail">
<td><span class="badge log fail-bg">Fail</span></td>
<td>14:53:11 pm</td>
<td>
<a href="#" class="linked" test-id='24' id='24'>verifyNomineeManagement</a>
</td>
</tr>
</tbody>
</table>
</div>
</li>
</ul>
</div>
</div>
<div class="test-content scrollable">
<div class="test-content-detail">
<div class="detail-body"></div>
</div>
</div>
</div><div class="test-wrapper row view category-view attributes-view">
<div class="test-list">
<div class="test-list-tools">
<ul class="tools pull-left"><li><a href=""><span class="font-size-14">Category</span></a></li></ul>
<ul class="tools text-right"><li><a href="#"><span class="badge badge-primary">1</span></a></li></ul>
</div>
<div class="test-list-wrapper scrollable">
<ul class="test-list-item">
<li class="test-item">
<div class="test-detail">
<span class="meta">
<span class='badge log pass-bg'>2</span>
<span class='badge log badge-danger'>10</span>
</span>
<p class="name">RetailBanking</p>
<p class="duration text-sm">12 tests</p>
</div>
<div class="test-contents d-none">
<div class="info">
<h4>RetailBanking</h4>
<span status="pass" class='badge log pass-bg'>2 passed</span>
<span status="fail" class='badge log badge-danger'>10 failed</span>
</div>
<table class='table table-sm mt-4'>
<thead>
<tr>
<th class="status-col">Status</th>
<th class="timestamp-col">Timestamp</th>
<th>TestName</th>
</tr>
</thead>
<tbody>
<tr class="tag-test-status" status="pass">
<td><span class="badge log pass-bg">Pass</span></td>
<td>14:50:24 pm</td>
<td>
<a href="#" class="linked" test-id='2' id='2'>verifyAccountStatementDownload</a>
</td>
</tr>
<tr class="tag-test-status" status="fail">
<td><span class="badge log fail-bg">Fail</span></td>
<td>14:51:14 pm</td>
<td>
<a href="#" class="linked" test-id='4' id='4'>verifyChequeBookRequest</a>
</td>
</tr>
<tr class="tag-test-status" status="pass">
<td><span class="badge log pass-bg">Pass</span></td>
<td>14:52:01 pm</td>
<td>
<a href="#" class="linked" test-id='6' id='6'>verifyChequeStatusRequest</a>
</td>
</tr>
<tr class="tag-test-status" status="fail">
<td><span class="badge log fail-bg">Fail</span></td>
<td>14:52:09 pm</td>
<td>
<a href="#" class="linked" test-id='8' id='8'>verifyStopChequeRequest</a>
</td>
</tr>
<tr class="tag-test-status" status="fail">
<td><span class="badge log fail-bg">Fail</span></td>
<td>14:52:12 pm</td>
<td>
<a href="#" class="linked" test-id='10' id='10'>verifyRevokeStopChequeRequest</a>
</td>
</tr>
<tr class="tag-test-status" status="fail">
<td><span class="badge log fail-bg">Fail</span></td>
<td>14:52:21 pm</td>
<td>
<a href="#" class="linked" test-id='12' id='12'>verifyTransactionHistory</a>
</td>
</tr>
<tr class="tag-test-status" status="fail">
<td><span class="badge log fail-bg">Fail</span></td>
<td>14:52:23 pm</td>
<td>
<a href="#" class="linked" test-id='14' id='14'>verifyApplyNowRequest</a>
</td>
</tr>
<tr class="tag-test-status" status="fail">
<td><span class="badge log fail-bg">Fail</span></td>
<td>14:52:26 pm</td>
<td>
<a href="#" class="linked" test-id='16' id='16'>verifyPositivePayRequest</a>
</td>
</tr>
<tr class="tag-test-status" status="fail">
<td><span class="badge log fail-bg">Fail</span></td>
<td>14:52:35 pm</td>
<td>
<a href="#" class="linked" test-id='18' id='18'>verifyPositivePayHistoryOperations</a>
</td>
</tr>
<tr class="tag-test-status" status="fail">
<td><span class="badge log fail-bg">Fail</span></td>
<td>14:52:38 pm</td>
<td>
<a href="#" class="linked" test-id='20' id='20'>verifyNACHCancellation</a>
</td>
</tr>
<tr class="tag-test-status" status="fail">
<td><span class="badge log fail-bg">Fail</span></td>
<td>14:52:40 pm</td>
<td>
<a href="#" class="linked" test-id='22' id='22'>verifyOnlineKYCUpdation</a>
</td>
</tr>
<tr class="tag-test-status" status="fail">
<td><span class="badge log fail-bg">Fail</span></td>
<td>14:53:11 pm</td>
<td>
<a href="#" class="linked" test-id='24' id='24'>verifyNomineeManagement</a>
</td>
</tr>
</tbody>
</table>
</div>
</li>
</ul>
</div>
</div>
<div class="test-content scrollable">
<div class="test-content-detail">
<div class="detail-body"></div>
</div>
</div>
</div><div class="container-fluid p-4 view dashboard-view">
<div class="row">
<div class="col-md-3">
<div class="card"><div class="card-body">
<p class="m-b-0">Started</p>
<h3>19-08-2025 14:50:20</h3>
</div></div>
</div>
<div class="col-md-3">
<div class="card"><div class="card-body">
<p class="m-b-0">Ended</p>
<h3>19-08-2025 14:53:44</h3>
</div></div>
</div>
<div class="col-md-3">
<div class="card"><div class="card-body">
<p class="m-b-0 text-pass">Tests Passed</p>
<h3>2</h3>
</div></div>
</div>
<div class="col-md-3">
<div class="card"><div class="card-body">
<p class="m-b-0 text-fail">Tests Failed</p>
<h3>10</h3>
</div></div>
</div>
</div>
<div class="row">
<div class="col-md-6">
<div class="card">
<div class="card-header">
<h6 class="card-title">Tests</h6>
</div>
<div class="card-body">
<div class="">
<canvas id='parent-analysis' width='115' height='90'></canvas>
</div>
</div>
<div class="card-footer">
<div><small data-tooltip='16%'>
<b>2</b> tests passed
</small>
</div>
<div>
<small data-tooltip='83%'><b>10</b> tests failed,
<b>0</b> skipped, <b data-tooltip='0%'>0</b> others
</small>
</div>
</div>
</div>
</div>
<div class="col-md-6">
<div class="card">
<div class="card-header">
<h6 class="card-title">Log events</h6>
</div>
<div class="card-body">
<div class="">
<canvas id='events-analysis' width='115' height='90'></canvas>
</div>
</div>
<div class="card-footer">
<div><small data-tooltip='2%'><b>2</b> events passed</small></div>
<div>
<small data-tooltip='24%'><b>20</b> events failed,
<b data-tooltip='%'>61</b> others
</small>
</div>
</div>
</div>
</div>
</div>
<div class="row"><div class="col-md-12">
<div class="card"><div class="card-header"><p>Timeline</p></div>
<div class="card-body pt-0"><div>
<canvas id="timeline" height="120"></canvas>
</div></div>
</div>
</div></div>
<script>
var timeline = {
"verifyAccountStatementDownload":49.828,"verifyChequeBookRequest":46.966,"verifyChequeStatusRequest":7.783,"verifyStopChequeRequest":2.047,"verifyRevokeStopChequeRequest":8.305,"verifyTransactionHistory":1.472,"verifyApplyNowRequest":1.945,"verifyPositivePayRequest":9.051,"verifyPositivePayHistoryOperations":1.581,"verifyNACHCancellation":1.593,"verifyOnlineKYCUpdation":30.724,"verifyNomineeManagement":31.166
};
</script>
<div class="row">
<div class="col-lg-6 col-md-12 category-container">
<div class="card">
<div class="card-header"><p>Tags</p></div>
<div class="card-body pb-0 pt-0"><table class="table table-sm table-bordered">
<thead><tr class="bg-gray"><th>Name</th><th>Passed</th><th>Failed</th><th>Skipped</th><th>Others</th><th>Passed %</th></tr></thead><tbody>
<tr>
<td>RetailBanking</td>
<td>2</td>
<td>10</td>
<td>0</td>
<td>0</td>
<td>16.667%</td>
</tr>
</tbody>
</table></div>
</div>
</div>
<div class="col-lg-6 col-md-12 sysenv-container">
<div class="card">
<div class="card-header"><p>System/Environment</p></div>
<div class="card-body pb-0 pt-0"><table class="table table-sm table-bordered">
<thead><tr class="bg-gray"><th>Name</th><th>Value</th></tr></thead>
<tbody>
<tr>
<td>User</td>
<td>saurav.kumar</td>
</tr>
<tr>
<td>OS</td>
<td>Windows 11</td>
</tr>
<tr>
<td>Java</td>
<td>21.0.6</td>
</tr>
<tr>
<td>Environment</td>
<td>UAT</td>
</tr>
</tbody>
</table></div>
</div>
</div>
</div>
</div>
<script>
var statusGroup = {
parentCount: 5,
passParent: 2,
failParent: 10,
warningParent: 0,
skipParent: 0,
childCount: 5,
passChild: 0,
failChild: 0,
warningChild: 0,
skipChild: 0,
infoChild: 0,
grandChildCount: 5,
passGrandChild: 0,
failGrandChild: 0,
warningGrandChild: 0,
skipGrandChild: 0,
infoGrandChild: 0,
eventsCount: 5,
passEvents: 2,
failEvents: 20,
warningEvents: 0,
skipEvents: 0,
infoEvents: 61
};
</script>        </div>
      </div>
    </div>
  </div>
<script src="https://cdn.jsdelivr.net/gh/extent-framework/extent-github-cdn@c05cd28cde1617b9d0c05a831daff6cb97fd9fd5/spark/js/spark-script.js"></script>
<script type="text/javascript"></script></body>
</html>